<html xmlns:math="http://exslt.org/math" xmlns:testng="http://testng.org">
   <head>
      <title>TestNG Results</title>
      <meta http-equiv="content-type" content="text/html; charset=utf-8"></meta>
      <meta http-equiv="pragma" content="no-cache"></meta>
      <meta http-equiv="cache-control" content="max-age=0"></meta>
      <meta http-equiv="cache-control" content="no-cache"></meta>
      <meta http-equiv="cache-control" content="no-store"></meta>
      <LINK rel="stylesheet" href="style.css"></LINK>
      <script type="text/javascript" src="main.js"></script>
   </head>
   <body>
      <table width="100%" style="font-size: 16px; margin-bottom: 10px;" cellspacing="1">
         <tr>
            <td width="100%">
               Test case
               
               <b>ALL PAGE ACCESSIBILITY TEST: 9 DEVICES-DIFFERENT BROWSERS</b>
            </td>
            <td style="background-color: #FFBBBB; padding: 3px 3px 3px 0;" align="center">
               <div style="width: 50px;">9</div>
            </td>
            <td style="background-color: lightgreen; padding: 3px 3px 3px 0;" align="center">
               <div style="width: 50px;">0</div>
            </td>
            <td style="background-color: #FFFFBB; padding: 3px 3px 3px 0;" align="center">
               <div style="width: 50px;">0</div>
            </td>
            <td align="center" style="background-color: #eaf0f7; padding: 3px 3px 3px 0;">
               <div style="width: 50px;">9</div>
            </td>
            <td align="center"
                style="font-weight: bold; background-color: #eaf0f7; padding: 3px 3px 3px 0;">
               <div style="width: 50px;">0%</div>
            </td>
            <td style="background-color: #eaf0f7; padding: 3px 3px 3px 0;" align="center"
                nowrap="true">12m
               55s
               
            </td>
         </tr>
      </table>
      <div style="width: 200px;">
         <label for="groupMethodsCheckBox" style="font-weight: bold; margin: 0;">
            <input id="groupMethodsCheckBox" type="checkbox" onclick="switchTestMethodsView(this)"
                   checked=""></input>
            Group by class
            
         </label>
         <br></br>
         <label for="methodsFilter_ALL" style="font-weight: bold; margin: 0;">
            <input id="methodsFilter_ALL" type="checkbox"
                   onclick="testMethodsFilterChanged(this, 'ALL')"
                   checked=""></input>
            All
            
         </label>
      </div>
      <label for="methodsFilter_FAIL" style="margin-left: 20px;">
         <input id="methodsFilter_FAIL" type="checkbox"
                onclick="testMethodsFilterChanged(this, 'FAIL')"
                checked=""></input>
         Failed
         
      </label>
      <label for="methodsFilter_PASS">
         <input id="methodsFilter_PASS" type="checkbox"
                onclick="testMethodsFilterChanged(this, 'PASS')"
                checked=""></input>
         Passed
         
      </label>
      <label for="methodsFilter_SKIP">
         <input id="methodsFilter_SKIP" type="checkbox"
                onclick="testMethodsFilterChanged(this, 'SKIP')"
                checked=""></input>
         Skipped
         
      </label>
      <label for="methodsFilter_CONF">
         <input id="methodsFilter_CONF" type="checkbox"
                onclick="testMethodsFilterChanged(this, 'CONF')"
                checked=""></input>
         Config
         
      </label>
      <br></br>
      <div id="testMethodsByStatus" style="display: none;">
         <table class="testMethodsTable" cellpadding="0" cellspacing="0">
            <tr class="methodsTableHeader">
               <td width="100%">Name</td>
               <td nowrap="true">Started</td>
               <td nowrap="true">Duration</td>
               <td>Exception</td>
            </tr>
            <tr id="com.proptiger1.MobileTestBed_Chrome_AndroidTablet_AllPageTest_byStatus_failed_FAIL1_row"
                class="testMethodStatusFAIL">
               <td width="100%" class="firstMethodCell">
                  <a onclick="toggleDetailsVisibility('com.proptiger1.MobileTestBed_Chrome_AndroidTablet_AllPageTest_byStatus_failed_FAIL1_details')">Chrome_AndroidTablet_AllPageTest()</a>
               </td>
               <td nowrap="true">14:34:17</td>
               <td nowrap="true" align="right">1m
                  7s
                  
               </td>
               <td nowrap="true">
                  <a onclick="toggleDetailsVisibility('com.proptiger1.MobileTestBed_Chrome_AndroidTablet_AllPageTest_byStatus_failed_FAIL1_exception')">java.lang.AssertionError: 
                     
                     Global home Page could not be opened inChrome_AndroidTablet
                     
                  </a>
                   
                  
               </td>
            </tr>
            <tr>
               <td colspan="4" class="detailsBox">
                  <div id="com.proptiger1.MobileTestBed_Chrome_AndroidTablet_AllPageTest_byStatus_failed_FAIL1_details"
                       class="testMethodDetails">
                     <div>
                        <b>Name: </b>Chrome_AndroidTablet_AllPageTest
                     </div>
                     <div>
                        <b>Signature: </b>Chrome_AndroidTablet_AllPageTest()[pri:0, instance:com.proptiger1.MobileTestBed@15be3a66]
                     </div>
                     <div>
                        <b>Start time: </b>14:34:17
                     </div>
                     <div>
                        <b>End time: </b>14:35:24
                     </div>
                     <div>
                        <b>Duration: </b>1m
                        7s
                        
                     </div>
                  </div>
               </td>
            </tr>
            <tr>
               <td colspan="4" class="detailsBox">
                  <div id="com.proptiger1.MobileTestBed_Chrome_AndroidTablet_AllPageTest_byStatus_failed_FAIL1_exception"
                       class="testMethodDetails">
                     <pre style="padding: 5px; margin: 0;">java.lang.AssertionError: 
                        Global home Page could not be opened inChrome_AndroidTablet
                        	at org.testng.Assert.fail(Assert.java:94)
                        	at com.proptiger1.Cross_PlatForm.AllPages(Cross_PlatForm.java:35)
                        	at com.proptiger1.MobileTestBed.Chrome_AndroidTablet_AllPageTest(MobileTestBed.java:39)
                        	at sun.reflect.NativeMethodAccessorImpl.invoke0(Native Method)
                        	at sun.reflect.NativeMethodAccessorImpl.invoke(NativeMethodAccessorImpl.java:57)
                        	at sun.reflect.DelegatingMethodAccessorImpl.invoke(DelegatingMethodAccessorImpl.java:43)
                        	at java.lang.reflect.Method.invoke(Method.java:606)
                        	at org.testng.internal.MethodInvocationHelper.invokeMethod(MethodInvocationHelper.java:84)
                        	at org.testng.internal.Invoker.invokeMethod(Invoker.java:714)
                        	at org.testng.internal.Invoker.invokeTestMethod(Invoker.java:901)
                        	at org.testng.internal.Invoker.invokeTestMethods(Invoker.java:1231)
                        	at org.testng.internal.TestMethodWorker.invokeTestMethods(TestMethodWorker.java:127)
                        	at org.testng.internal.TestMethodWorker.run(TestMethodWorker.java:111)
                        	at org.testng.TestRunner.privateRun(TestRunner.java:767)
                        	at org.testng.TestRunner.run(TestRunner.java:617)
                        	at org.testng.SuiteRunner.runTest(SuiteRunner.java:334)
                        	at org.testng.SuiteRunner.runSequentially(SuiteRunner.java:329)
                        	at org.testng.SuiteRunner.privateRun(SuiteRunner.java:291)
                        	at org.testng.SuiteRunner.run(SuiteRunner.java:240)
                        	at org.testng.SuiteRunnerWorker.runSuite(SuiteRunnerWorker.java:52)
                        	at org.testng.SuiteRunnerWorker.run(SuiteRunnerWorker.java:86)
                        	at org.testng.TestNG.runSuitesSequentially(TestNG.java:1224)
                        	at org.testng.TestNG.runSuitesLocally(TestNG.java:1149)
                        	at org.testng.TestNG.run(TestNG.java:1057)
                        	at org.testng.TestNG.privateMain(TestNG.java:1364)
                        	at org.testng.TestNG.main(TestNG.java:1333)
                     </pre>
                  </div>
               </td>
            </tr>
            <tr id="com.proptiger1.MobileTestBed_OperaMini_iPhone__AllPageTest_byStatus_failed_FAIL2_row"
                class="testMethodStatusFAIL">
               <td width="100%" class="firstMethodCell">
                  <a onclick="toggleDetailsVisibility('com.proptiger1.MobileTestBed_OperaMini_iPhone__AllPageTest_byStatus_failed_FAIL2_details')">OperaMini_iPhone__AllPageTest()</a>
               </td>
               <td nowrap="true">14:35:24</td>
               <td nowrap="true" align="right">1m
                  26s
                  
               </td>
               <td nowrap="true">
                  <a onclick="toggleDetailsVisibility('com.proptiger1.MobileTestBed_OperaMini_iPhone__AllPageTest_byStatus_failed_FAIL2_exception')">java.lang.AssertionError: 
                     
                     Global home Page could not be opened inOperaMini_iPhone
                     
                  </a>
                   
                  
               </td>
            </tr>
            <tr>
               <td colspan="4" class="detailsBox">
                  <div id="com.proptiger1.MobileTestBed_OperaMini_iPhone__AllPageTest_byStatus_failed_FAIL2_details"
                       class="testMethodDetails">
                     <div>
                        <b>Name: </b>OperaMini_iPhone__AllPageTest
                     </div>
                     <div>
                        <b>Signature: </b>OperaMini_iPhone__AllPageTest()[pri:0, instance:com.proptiger1.MobileTestBed@15be3a66]
                     </div>
                     <div>
                        <b>Start time: </b>14:35:24
                     </div>
                     <div>
                        <b>End time: </b>14:36:51
                     </div>
                     <div>
                        <b>Duration: </b>1m
                        26s
                        
                     </div>
                  </div>
               </td>
            </tr>
            <tr>
               <td colspan="4" class="detailsBox">
                  <div id="com.proptiger1.MobileTestBed_OperaMini_iPhone__AllPageTest_byStatus_failed_FAIL2_exception"
                       class="testMethodDetails">
                     <pre style="padding: 5px; margin: 0;">java.lang.AssertionError: 
                        Global home Page could not be opened inOperaMini_iPhone
                        	at org.testng.Assert.fail(Assert.java:94)
                        	at com.proptiger1.Cross_PlatForm.AllPages(Cross_PlatForm.java:35)
                        	at com.proptiger1.MobileTestBed.OperaMini_iPhone__AllPageTest(MobileTestBed.java:127)
                        	at sun.reflect.NativeMethodAccessorImpl.invoke0(Native Method)
                        	at sun.reflect.NativeMethodAccessorImpl.invoke(NativeMethodAccessorImpl.java:57)
                        	at sun.reflect.DelegatingMethodAccessorImpl.invoke(DelegatingMethodAccessorImpl.java:43)
                        	at java.lang.reflect.Method.invoke(Method.java:606)
                        	at org.testng.internal.MethodInvocationHelper.invokeMethod(MethodInvocationHelper.java:84)
                        	at org.testng.internal.Invoker.invokeMethod(Invoker.java:714)
                        	at org.testng.internal.Invoker.invokeTestMethod(Invoker.java:901)
                        	at org.testng.internal.Invoker.invokeTestMethods(Invoker.java:1231)
                        	at org.testng.internal.TestMethodWorker.invokeTestMethods(TestMethodWorker.java:127)
                        	at org.testng.internal.TestMethodWorker.run(TestMethodWorker.java:111)
                        	at org.testng.TestRunner.privateRun(TestRunner.java:767)
                        	at org.testng.TestRunner.run(TestRunner.java:617)
                        	at org.testng.SuiteRunner.runTest(SuiteRunner.java:334)
                        	at org.testng.SuiteRunner.runSequentially(SuiteRunner.java:329)
                        	at org.testng.SuiteRunner.privateRun(SuiteRunner.java:291)
                        	at org.testng.SuiteRunner.run(SuiteRunner.java:240)
                        	at org.testng.SuiteRunnerWorker.runSuite(SuiteRunnerWorker.java:52)
                        	at org.testng.SuiteRunnerWorker.run(SuiteRunnerWorker.java:86)
                        	at org.testng.TestNG.runSuitesSequentially(TestNG.java:1224)
                        	at org.testng.TestNG.runSuitesLocally(TestNG.java:1149)
                        	at org.testng.TestNG.run(TestNG.java:1057)
                        	at org.testng.TestNG.privateMain(TestNG.java:1364)
                        	at org.testng.TestNG.main(TestNG.java:1333)
                     </pre>
                  </div>
               </td>
            </tr>
            <tr id="com.proptiger1.MobileTestBed_IE_Nokia_Lumia920__AllPageTest_byStatus_failed_FAIL3_row"
                class="testMethodStatusFAIL">
               <td width="100%" class="firstMethodCell">
                  <a onclick="toggleDetailsVisibility('com.proptiger1.MobileTestBed_IE_Nokia_Lumia920__AllPageTest_byStatus_failed_FAIL3_details')">IE_Nokia_Lumia920__AllPageTest()</a>
               </td>
               <td nowrap="true">14:36:51</td>
               <td nowrap="true" align="right">1m
                  30s
                  
               </td>
               <td nowrap="true">
                  <a onclick="toggleDetailsVisibility('com.proptiger1.MobileTestBed_IE_Nokia_Lumia920__AllPageTest_byStatus_failed_FAIL3_exception')">java.lang.AssertionError: 
                     
                     Global home Page could not be opened inIE_Nokia_Lumia920
                     
                  </a>
                   
                  
               </td>
            </tr>
            <tr>
               <td colspan="4" class="detailsBox">
                  <div id="com.proptiger1.MobileTestBed_IE_Nokia_Lumia920__AllPageTest_byStatus_failed_FAIL3_details"
                       class="testMethodDetails">
                     <div>
                        <b>Name: </b>IE_Nokia_Lumia920__AllPageTest
                     </div>
                     <div>
                        <b>Signature: </b>IE_Nokia_Lumia920__AllPageTest()[pri:0, instance:com.proptiger1.MobileTestBed@15be3a66]
                     </div>
                     <div>
                        <b>Start time: </b>14:36:51
                     </div>
                     <div>
                        <b>End time: </b>14:38:22
                     </div>
                     <div>
                        <b>Duration: </b>1m
                        30s
                        
                     </div>
                  </div>
               </td>
            </tr>
            <tr>
               <td colspan="4" class="detailsBox">
                  <div id="com.proptiger1.MobileTestBed_IE_Nokia_Lumia920__AllPageTest_byStatus_failed_FAIL3_exception"
                       class="testMethodDetails">
                     <pre style="padding: 5px; margin: 0;">java.lang.AssertionError: 
                        Global home Page could not be opened inIE_Nokia_Lumia920
                        	at org.testng.Assert.fail(Assert.java:94)
                        	at com.proptiger1.Cross_PlatForm.AllPages(Cross_PlatForm.java:35)
                        	at com.proptiger1.MobileTestBed.IE_Nokia_Lumia920__AllPageTest(MobileTestBed.java:113)
                        	at sun.reflect.NativeMethodAccessorImpl.invoke0(Native Method)
                        	at sun.reflect.NativeMethodAccessorImpl.invoke(NativeMethodAccessorImpl.java:57)
                        	at sun.reflect.DelegatingMethodAccessorImpl.invoke(DelegatingMethodAccessorImpl.java:43)
                        	at java.lang.reflect.Method.invoke(Method.java:606)
                        	at org.testng.internal.MethodInvocationHelper.invokeMethod(MethodInvocationHelper.java:84)
                        	at org.testng.internal.Invoker.invokeMethod(Invoker.java:714)
                        	at org.testng.internal.Invoker.invokeTestMethod(Invoker.java:901)
                        	at org.testng.internal.Invoker.invokeTestMethods(Invoker.java:1231)
                        	at org.testng.internal.TestMethodWorker.invokeTestMethods(TestMethodWorker.java:127)
                        	at org.testng.internal.TestMethodWorker.run(TestMethodWorker.java:111)
                        	at org.testng.TestRunner.privateRun(TestRunner.java:767)
                        	at org.testng.TestRunner.run(TestRunner.java:617)
                        	at org.testng.SuiteRunner.runTest(SuiteRunner.java:334)
                        	at org.testng.SuiteRunner.runSequentially(SuiteRunner.java:329)
                        	at org.testng.SuiteRunner.privateRun(SuiteRunner.java:291)
                        	at org.testng.SuiteRunner.run(SuiteRunner.java:240)
                        	at org.testng.SuiteRunnerWorker.runSuite(SuiteRunnerWorker.java:52)
                        	at org.testng.SuiteRunnerWorker.run(SuiteRunnerWorker.java:86)
                        	at org.testng.TestNG.runSuitesSequentially(TestNG.java:1224)
                        	at org.testng.TestNG.runSuitesLocally(TestNG.java:1149)
                        	at org.testng.TestNG.run(TestNG.java:1057)
                        	at org.testng.TestNG.privateMain(TestNG.java:1364)
                        	at org.testng.TestNG.main(TestNG.java:1333)
                     </pre>
                  </div>
               </td>
            </tr>
            <tr id="com.proptiger1.MobileTestBed_OperaMini_Android__AllPageTest_byStatus_failed_FAIL4_row"
                class="testMethodStatusFAIL">
               <td width="100%" class="firstMethodCell">
                  <a onclick="toggleDetailsVisibility('com.proptiger1.MobileTestBed_OperaMini_Android__AllPageTest_byStatus_failed_FAIL4_details')">OperaMini_Android__AllPageTest()</a>
               </td>
               <td nowrap="true">14:38:22</td>
               <td nowrap="true" align="right">1m
                  58s
                  
               </td>
               <td nowrap="true">
                  <a onclick="toggleDetailsVisibility('com.proptiger1.MobileTestBed_OperaMini_Android__AllPageTest_byStatus_failed_FAIL4_exception')">java.lang.AssertionError: 
                     
                     Global home Page could not be opened inOperaMini_Android
                     
                  </a>
                   
                  
               </td>
            </tr>
            <tr>
               <td colspan="4" class="detailsBox">
                  <div id="com.proptiger1.MobileTestBed_OperaMini_Android__AllPageTest_byStatus_failed_FAIL4_details"
                       class="testMethodDetails">
                     <div>
                        <b>Name: </b>OperaMini_Android__AllPageTest
                     </div>
                     <div>
                        <b>Signature: </b>OperaMini_Android__AllPageTest()[pri:0, instance:com.proptiger1.MobileTestBed@15be3a66]
                     </div>
                     <div>
                        <b>Start time: </b>14:38:22
                     </div>
                     <div>
                        <b>End time: </b>14:40:20
                     </div>
                     <div>
                        <b>Duration: </b>1m
                        58s
                        
                     </div>
                  </div>
               </td>
            </tr>
            <tr>
               <td colspan="4" class="detailsBox">
                  <div id="com.proptiger1.MobileTestBed_OperaMini_Android__AllPageTest_byStatus_failed_FAIL4_exception"
                       class="testMethodDetails">
                     <pre style="padding: 5px; margin: 0;">java.lang.AssertionError: 
                        Global home Page could not be opened inOperaMini_Android
                        	at org.testng.Assert.fail(Assert.java:94)
                        	at com.proptiger1.Cross_PlatForm.AllPages(Cross_PlatForm.java:35)
                        	at com.proptiger1.MobileTestBed.OperaMini_Android__AllPageTest(MobileTestBed.java:142)
                        	at sun.reflect.NativeMethodAccessorImpl.invoke0(Native Method)
                        	at sun.reflect.NativeMethodAccessorImpl.invoke(NativeMethodAccessorImpl.java:57)
                        	at sun.reflect.DelegatingMethodAccessorImpl.invoke(DelegatingMethodAccessorImpl.java:43)
                        	at java.lang.reflect.Method.invoke(Method.java:606)
                        	at org.testng.internal.MethodInvocationHelper.invokeMethod(MethodInvocationHelper.java:84)
                        	at org.testng.internal.Invoker.invokeMethod(Invoker.java:714)
                        	at org.testng.internal.Invoker.invokeTestMethod(Invoker.java:901)
                        	at org.testng.internal.Invoker.invokeTestMethods(Invoker.java:1231)
                        	at org.testng.internal.TestMethodWorker.invokeTestMethods(TestMethodWorker.java:127)
                        	at org.testng.internal.TestMethodWorker.run(TestMethodWorker.java:111)
                        	at org.testng.TestRunner.privateRun(TestRunner.java:767)
                        	at org.testng.TestRunner.run(TestRunner.java:617)
                        	at org.testng.SuiteRunner.runTest(SuiteRunner.java:334)
                        	at org.testng.SuiteRunner.runSequentially(SuiteRunner.java:329)
                        	at org.testng.SuiteRunner.privateRun(SuiteRunner.java:291)
                        	at org.testng.SuiteRunner.run(SuiteRunner.java:240)
                        	at org.testng.SuiteRunnerWorker.runSuite(SuiteRunnerWorker.java:52)
                        	at org.testng.SuiteRunnerWorker.run(SuiteRunnerWorker.java:86)
                        	at org.testng.TestNG.runSuitesSequentially(TestNG.java:1224)
                        	at org.testng.TestNG.runSuitesLocally(TestNG.java:1149)
                        	at org.testng.TestNG.run(TestNG.java:1057)
                        	at org.testng.TestNG.privateMain(TestNG.java:1364)
                        	at org.testng.TestNG.main(TestNG.java:1333)
                     </pre>
                  </div>
               </td>
            </tr>
            <tr id="com.proptiger1.MobileTestBed_Safari_iOS8__AllPageTest_byStatus_failed_FAIL5_row"
                class="testMethodStatusFAIL">
               <td width="100%" class="firstMethodCell">
                  <a onclick="toggleDetailsVisibility('com.proptiger1.MobileTestBed_Safari_iOS8__AllPageTest_byStatus_failed_FAIL5_details')">Safari_iOS8__AllPageTest()</a>
               </td>
               <td nowrap="true">14:40:20</td>
               <td nowrap="true" align="right">1m
                  12s
                  
               </td>
               <td nowrap="true">
                  <a onclick="toggleDetailsVisibility('com.proptiger1.MobileTestBed_Safari_iOS8__AllPageTest_byStatus_failed_FAIL5_exception')">java.lang.AssertionError: 
                     
                     Global home Page could not be opened inSafari_iOS8
                     
                  </a>
                   
                  
               </td>
            </tr>
            <tr>
               <td colspan="4" class="detailsBox">
                  <div id="com.proptiger1.MobileTestBed_Safari_iOS8__AllPageTest_byStatus_failed_FAIL5_details"
                       class="testMethodDetails">
                     <div>
                        <b>Name: </b>Safari_iOS8__AllPageTest
                     </div>
                     <div>
                        <b>Signature: </b>Safari_iOS8__AllPageTest()[pri:0, instance:com.proptiger1.MobileTestBed@15be3a66]
                     </div>
                     <div>
                        <b>Start time: </b>14:40:20
                     </div>
                     <div>
                        <b>End time: </b>14:41:32
                     </div>
                     <div>
                        <b>Duration: </b>1m
                        12s
                        
                     </div>
                  </div>
               </td>
            </tr>
            <tr>
               <td colspan="4" class="detailsBox">
                  <div id="com.proptiger1.MobileTestBed_Safari_iOS8__AllPageTest_byStatus_failed_FAIL5_exception"
                       class="testMethodDetails">
                     <pre style="padding: 5px; margin: 0;">java.lang.AssertionError: 
                        Global home Page could not be opened inSafari_iOS8
                        	at org.testng.Assert.fail(Assert.java:94)
                        	at com.proptiger1.Cross_PlatForm.AllPages(Cross_PlatForm.java:35)
                        	at com.proptiger1.MobileTestBed.Safari_iOS8__AllPageTest(MobileTestBed.java:83)
                        	at sun.reflect.NativeMethodAccessorImpl.invoke0(Native Method)
                        	at sun.reflect.NativeMethodAccessorImpl.invoke(NativeMethodAccessorImpl.java:57)
                        	at sun.reflect.DelegatingMethodAccessorImpl.invoke(DelegatingMethodAccessorImpl.java:43)
                        	at java.lang.reflect.Method.invoke(Method.java:606)
                        	at org.testng.internal.MethodInvocationHelper.invokeMethod(MethodInvocationHelper.java:84)
                        	at org.testng.internal.Invoker.invokeMethod(Invoker.java:714)
                        	at org.testng.internal.Invoker.invokeTestMethod(Invoker.java:901)
                        	at org.testng.internal.Invoker.invokeTestMethods(Invoker.java:1231)
                        	at org.testng.internal.TestMethodWorker.invokeTestMethods(TestMethodWorker.java:127)
                        	at org.testng.internal.TestMethodWorker.run(TestMethodWorker.java:111)
                        	at org.testng.TestRunner.privateRun(TestRunner.java:767)
                        	at org.testng.TestRunner.run(TestRunner.java:617)
                        	at org.testng.SuiteRunner.runTest(SuiteRunner.java:334)
                        	at org.testng.SuiteRunner.runSequentially(SuiteRunner.java:329)
                        	at org.testng.SuiteRunner.privateRun(SuiteRunner.java:291)
                        	at org.testng.SuiteRunner.run(SuiteRunner.java:240)
                        	at org.testng.SuiteRunnerWorker.runSuite(SuiteRunnerWorker.java:52)
                        	at org.testng.SuiteRunnerWorker.run(SuiteRunnerWorker.java:86)
                        	at org.testng.TestNG.runSuitesSequentially(TestNG.java:1224)
                        	at org.testng.TestNG.runSuitesLocally(TestNG.java:1149)
                        	at org.testng.TestNG.run(TestNG.java:1057)
                        	at org.testng.TestNG.privateMain(TestNG.java:1364)
                        	at org.testng.TestNG.main(TestNG.java:1333)
                     </pre>
                  </div>
               </td>
            </tr>
            <tr id="com.proptiger1.MobileTestBed_FireFox_Android_AllPageTest_byStatus_failed_FAIL6_row"
                class="testMethodStatusFAIL">
               <td width="100%" class="firstMethodCell">
                  <a onclick="toggleDetailsVisibility('com.proptiger1.MobileTestBed_FireFox_Android_AllPageTest_byStatus_failed_FAIL6_details')">FireFox_Android_AllPageTest()</a>
               </td>
               <td nowrap="true">14:41:32</td>
               <td nowrap="true" align="right">1m
                  51s
                  
               </td>
               <td nowrap="true">
                  <a onclick="toggleDetailsVisibility('com.proptiger1.MobileTestBed_FireFox_Android_AllPageTest_byStatus_failed_FAIL6_exception')">java.lang.AssertionError: 
                     
                     Global home Page could not be opened inFireFox_Android
                     
                  </a>
                   
                  
               </td>
            </tr>
            <tr>
               <td colspan="4" class="detailsBox">
                  <div id="com.proptiger1.MobileTestBed_FireFox_Android_AllPageTest_byStatus_failed_FAIL6_details"
                       class="testMethodDetails">
                     <div>
                        <b>Name: </b>FireFox_Android_AllPageTest
                     </div>
                     <div>
                        <b>Signature: </b>FireFox_Android_AllPageTest()[pri:0, instance:com.proptiger1.MobileTestBed@15be3a66]
                     </div>
                     <div>
                        <b>Start time: </b>14:41:32
                     </div>
                     <div>
                        <b>End time: </b>14:43:24
                     </div>
                     <div>
                        <b>Duration: </b>1m
                        51s
                        
                     </div>
                  </div>
               </td>
            </tr>
            <tr>
               <td colspan="4" class="detailsBox">
                  <div id="com.proptiger1.MobileTestBed_FireFox_Android_AllPageTest_byStatus_failed_FAIL6_exception"
                       class="testMethodDetails">
                     <pre style="padding: 5px; margin: 0;">java.lang.AssertionError: 
                        Global home Page could not be opened inFireFox_Android
                        	at org.testng.Assert.fail(Assert.java:94)
                        	at com.proptiger1.Cross_PlatForm.AllPages(Cross_PlatForm.java:35)
                        	at com.proptiger1.MobileTestBed.FireFox_Android_AllPageTest(MobileTestBed.java:69)
                        	at sun.reflect.NativeMethodAccessorImpl.invoke0(Native Method)
                        	at sun.reflect.NativeMethodAccessorImpl.invoke(NativeMethodAccessorImpl.java:57)
                        	at sun.reflect.DelegatingMethodAccessorImpl.invoke(DelegatingMethodAccessorImpl.java:43)
                        	at java.lang.reflect.Method.invoke(Method.java:606)
                        	at org.testng.internal.MethodInvocationHelper.invokeMethod(MethodInvocationHelper.java:84)
                        	at org.testng.internal.Invoker.invokeMethod(Invoker.java:714)
                        	at org.testng.internal.Invoker.invokeTestMethod(Invoker.java:901)
                        	at org.testng.internal.Invoker.invokeTestMethods(Invoker.java:1231)
                        	at org.testng.internal.TestMethodWorker.invokeTestMethods(TestMethodWorker.java:127)
                        	at org.testng.internal.TestMethodWorker.run(TestMethodWorker.java:111)
                        	at org.testng.TestRunner.privateRun(TestRunner.java:767)
                        	at org.testng.TestRunner.run(TestRunner.java:617)
                        	at org.testng.SuiteRunner.runTest(SuiteRunner.java:334)
                        	at org.testng.SuiteRunner.runSequentially(SuiteRunner.java:329)
                        	at org.testng.SuiteRunner.privateRun(SuiteRunner.java:291)
                        	at org.testng.SuiteRunner.run(SuiteRunner.java:240)
                        	at org.testng.SuiteRunnerWorker.runSuite(SuiteRunnerWorker.java:52)
                        	at org.testng.SuiteRunnerWorker.run(SuiteRunnerWorker.java:86)
                        	at org.testng.TestNG.runSuitesSequentially(TestNG.java:1224)
                        	at org.testng.TestNG.runSuitesLocally(TestNG.java:1149)
                        	at org.testng.TestNG.run(TestNG.java:1057)
                        	at org.testng.TestNG.privateMain(TestNG.java:1364)
                        	at org.testng.TestNG.main(TestNG.java:1333)
                     </pre>
                  </div>
               </td>
            </tr>
            <tr id="com.proptiger1.MobileTestBed_Chrome_AndroidMobile__AllPageTest_byStatus_failed_FAIL7_row"
                class="testMethodStatusFAIL">
               <td width="100%" class="firstMethodCell">
                  <a onclick="toggleDetailsVisibility('com.proptiger1.MobileTestBed_Chrome_AndroidMobile__AllPageTest_byStatus_failed_FAIL7_details')">Chrome_AndroidMobile__AllPageTest()</a>
               </td>
               <td nowrap="true">14:43:24</td>
               <td nowrap="true" align="right">1m
                  21s
                  
               </td>
               <td nowrap="true">
                  <a onclick="toggleDetailsVisibility('com.proptiger1.MobileTestBed_Chrome_AndroidMobile__AllPageTest_byStatus_failed_FAIL7_exception')">java.lang.AssertionError: 
                     
                     Global home Page could not be opened inChrome_AndroidMobile
                     
                  </a>
                   
                  
               </td>
            </tr>
            <tr>
               <td colspan="4" class="detailsBox">
                  <div id="com.proptiger1.MobileTestBed_Chrome_AndroidMobile__AllPageTest_byStatus_failed_FAIL7_details"
                       class="testMethodDetails">
                     <div>
                        <b>Name: </b>Chrome_AndroidMobile__AllPageTest
                     </div>
                     <div>
                        <b>Signature: </b>Chrome_AndroidMobile__AllPageTest()[pri:0, instance:com.proptiger1.MobileTestBed@15be3a66]
                     </div>
                     <div>
                        <b>Start time: </b>14:43:24
                     </div>
                     <div>
                        <b>End time: </b>14:44:46
                     </div>
                     <div>
                        <b>Duration: </b>1m
                        21s
                        
                     </div>
                  </div>
               </td>
            </tr>
            <tr>
               <td colspan="4" class="detailsBox">
                  <div id="com.proptiger1.MobileTestBed_Chrome_AndroidMobile__AllPageTest_byStatus_failed_FAIL7_exception"
                       class="testMethodDetails">
                     <pre style="padding: 5px; margin: 0;">java.lang.AssertionError: 
                        Global home Page could not be opened inChrome_AndroidMobile
                        	at org.testng.Assert.fail(Assert.java:94)
                        	at com.proptiger1.Cross_PlatForm.AllPages(Cross_PlatForm.java:35)
                        	at com.proptiger1.MobileTestBed.Chrome_AndroidMobile__AllPageTest(MobileTestBed.java:55)
                        	at sun.reflect.NativeMethodAccessorImpl.invoke0(Native Method)
                        	at sun.reflect.NativeMethodAccessorImpl.invoke(NativeMethodAccessorImpl.java:57)
                        	at sun.reflect.DelegatingMethodAccessorImpl.invoke(DelegatingMethodAccessorImpl.java:43)
                        	at java.lang.reflect.Method.invoke(Method.java:606)
                        	at org.testng.internal.MethodInvocationHelper.invokeMethod(MethodInvocationHelper.java:84)
                        	at org.testng.internal.Invoker.invokeMethod(Invoker.java:714)
                        	at org.testng.internal.Invoker.invokeTestMethod(Invoker.java:901)
                        	at org.testng.internal.Invoker.invokeTestMethods(Invoker.java:1231)
                        	at org.testng.internal.TestMethodWorker.invokeTestMethods(TestMethodWorker.java:127)
                        	at org.testng.internal.TestMethodWorker.run(TestMethodWorker.java:111)
                        	at org.testng.TestRunner.privateRun(TestRunner.java:767)
                        	at org.testng.TestRunner.run(TestRunner.java:617)
                        	at org.testng.SuiteRunner.runTest(SuiteRunner.java:334)
                        	at org.testng.SuiteRunner.runSequentially(SuiteRunner.java:329)
                        	at org.testng.SuiteRunner.privateRun(SuiteRunner.java:291)
                        	at org.testng.SuiteRunner.run(SuiteRunner.java:240)
                        	at org.testng.SuiteRunnerWorker.runSuite(SuiteRunnerWorker.java:52)
                        	at org.testng.SuiteRunnerWorker.run(SuiteRunnerWorker.java:86)
                        	at org.testng.TestNG.runSuitesSequentially(TestNG.java:1224)
                        	at org.testng.TestNG.runSuitesLocally(TestNG.java:1149)
                        	at org.testng.TestNG.run(TestNG.java:1057)
                        	at org.testng.TestNG.privateMain(TestNG.java:1364)
                        	at org.testng.TestNG.main(TestNG.java:1333)
                     </pre>
                  </div>
               </td>
            </tr>
            <tr id="com.proptiger1.MobileTestBed_Safari_iOS7__AllPageTest_byStatus_failed_FAIL8_row"
                class="testMethodStatusFAIL">
               <td width="100%" class="firstMethodCell">
                  <a onclick="toggleDetailsVisibility('com.proptiger1.MobileTestBed_Safari_iOS7__AllPageTest_byStatus_failed_FAIL8_details')">Safari_iOS7__AllPageTest()</a>
               </td>
               <td nowrap="true">14:44:46</td>
               <td nowrap="true" align="right">1m
                  8s
                  
               </td>
               <td nowrap="true">
                  <a onclick="toggleDetailsVisibility('com.proptiger1.MobileTestBed_Safari_iOS7__AllPageTest_byStatus_failed_FAIL8_exception')">java.lang.AssertionError: 
                     
                     Global home Page could not be opened inSafari_iOS7
                     
                  </a>
                   
                  
               </td>
            </tr>
            <tr>
               <td colspan="4" class="detailsBox">
                  <div id="com.proptiger1.MobileTestBed_Safari_iOS7__AllPageTest_byStatus_failed_FAIL8_details"
                       class="testMethodDetails">
                     <div>
                        <b>Name: </b>Safari_iOS7__AllPageTest
                     </div>
                     <div>
                        <b>Signature: </b>Safari_iOS7__AllPageTest()[pri:0, instance:com.proptiger1.MobileTestBed@15be3a66]
                     </div>
                     <div>
                        <b>Start time: </b>14:44:46
                     </div>
                     <div>
                        <b>End time: </b>14:45:54
                     </div>
                     <div>
                        <b>Duration: </b>1m
                        8s
                        
                     </div>
                  </div>
               </td>
            </tr>
            <tr>
               <td colspan="4" class="detailsBox">
                  <div id="com.proptiger1.MobileTestBed_Safari_iOS7__AllPageTest_byStatus_failed_FAIL8_exception"
                       class="testMethodDetails">
                     <pre style="padding: 5px; margin: 0;">java.lang.AssertionError: 
                        Global home Page could not be opened inSafari_iOS7
                        	at org.testng.Assert.fail(Assert.java:94)
                        	at com.proptiger1.Cross_PlatForm.AllPages(Cross_PlatForm.java:35)
                        	at com.proptiger1.MobileTestBed.Safari_iOS7__AllPageTest(MobileTestBed.java:98)
                        	at sun.reflect.NativeMethodAccessorImpl.invoke0(Native Method)
                        	at sun.reflect.NativeMethodAccessorImpl.invoke(NativeMethodAccessorImpl.java:57)
                        	at sun.reflect.DelegatingMethodAccessorImpl.invoke(DelegatingMethodAccessorImpl.java:43)
                        	at java.lang.reflect.Method.invoke(Method.java:606)
                        	at org.testng.internal.MethodInvocationHelper.invokeMethod(MethodInvocationHelper.java:84)
                        	at org.testng.internal.Invoker.invokeMethod(Invoker.java:714)
                        	at org.testng.internal.Invoker.invokeTestMethod(Invoker.java:901)
                        	at org.testng.internal.Invoker.invokeTestMethods(Invoker.java:1231)
                        	at org.testng.internal.TestMethodWorker.invokeTestMethods(TestMethodWorker.java:127)
                        	at org.testng.internal.TestMethodWorker.run(TestMethodWorker.java:111)
                        	at org.testng.TestRunner.privateRun(TestRunner.java:767)
                        	at org.testng.TestRunner.run(TestRunner.java:617)
                        	at org.testng.SuiteRunner.runTest(SuiteRunner.java:334)
                        	at org.testng.SuiteRunner.runSequentially(SuiteRunner.java:329)
                        	at org.testng.SuiteRunner.privateRun(SuiteRunner.java:291)
                        	at org.testng.SuiteRunner.run(SuiteRunner.java:240)
                        	at org.testng.SuiteRunnerWorker.runSuite(SuiteRunnerWorker.java:52)
                        	at org.testng.SuiteRunnerWorker.run(SuiteRunnerWorker.java:86)
                        	at org.testng.TestNG.runSuitesSequentially(TestNG.java:1224)
                        	at org.testng.TestNG.runSuitesLocally(TestNG.java:1149)
                        	at org.testng.TestNG.run(TestNG.java:1057)
                        	at org.testng.TestNG.privateMain(TestNG.java:1364)
                        	at org.testng.TestNG.main(TestNG.java:1333)
                     </pre>
                  </div>
               </td>
            </tr>
            <tr id="com.proptiger1.MobileTestBed_Chrome_iPhone_AllPageTest_byStatus_failed_FAIL9_row"
                class="testMethodStatusFAIL">
               <td width="100%" class="firstMethodCell">
                  <a onclick="toggleDetailsVisibility('com.proptiger1.MobileTestBed_Chrome_iPhone_AllPageTest_byStatus_failed_FAIL9_details')">Chrome_iPhone_AllPageTest()</a>
               </td>
               <td nowrap="true">14:45:54</td>
               <td nowrap="true" align="right">1m
                  18s
                  
               </td>
               <td nowrap="true">
                  <a onclick="toggleDetailsVisibility('com.proptiger1.MobileTestBed_Chrome_iPhone_AllPageTest_byStatus_failed_FAIL9_exception')">java.lang.AssertionError: 
                     
                     Global home Page could not be opened inChrome_iPhone
                     
                  </a>
                   
                  
               </td>
            </tr>
            <tr>
               <td colspan="4" class="detailsBox">
                  <div id="com.proptiger1.MobileTestBed_Chrome_iPhone_AllPageTest_byStatus_failed_FAIL9_details"
                       class="testMethodDetails">
                     <div>
                        <b>Name: </b>Chrome_iPhone_AllPageTest
                     </div>
                     <div>
                        <b>Signature: </b>Chrome_iPhone_AllPageTest()[pri:0, instance:com.proptiger1.MobileTestBed@15be3a66]
                     </div>
                     <div>
                        <b>Start time: </b>14:45:54
                     </div>
                     <div>
                        <b>End time: </b>14:47:13
                     </div>
                     <div>
                        <b>Duration: </b>1m
                        18s
                        
                     </div>
                  </div>
               </td>
            </tr>
            <tr>
               <td colspan="4" class="detailsBox">
                  <div id="com.proptiger1.MobileTestBed_Chrome_iPhone_AllPageTest_byStatus_failed_FAIL9_exception"
                       class="testMethodDetails">
                     <pre style="padding: 5px; margin: 0;">java.lang.AssertionError: 
                        Global home Page could not be opened inChrome_iPhone
                        	at org.testng.Assert.fail(Assert.java:94)
                        	at com.proptiger1.Cross_PlatForm.AllPages(Cross_PlatForm.java:35)
                        	at com.proptiger1.MobileTestBed.Chrome_iPhone_AllPageTest(MobileTestBed.java:20)
                        	at sun.reflect.NativeMethodAccessorImpl.invoke0(Native Method)
                        	at sun.reflect.NativeMethodAccessorImpl.invoke(NativeMethodAccessorImpl.java:57)
                        	at sun.reflect.DelegatingMethodAccessorImpl.invoke(DelegatingMethodAccessorImpl.java:43)
                        	at java.lang.reflect.Method.invoke(Method.java:606)
                        	at org.testng.internal.MethodInvocationHelper.invokeMethod(MethodInvocationHelper.java:84)
                        	at org.testng.internal.Invoker.invokeMethod(Invoker.java:714)
                        	at org.testng.internal.Invoker.invokeTestMethod(Invoker.java:901)
                        	at org.testng.internal.Invoker.invokeTestMethods(Invoker.java:1231)
                        	at org.testng.internal.TestMethodWorker.invokeTestMethods(TestMethodWorker.java:127)
                        	at org.testng.internal.TestMethodWorker.run(TestMethodWorker.java:111)
                        	at org.testng.TestRunner.privateRun(TestRunner.java:767)
                        	at org.testng.TestRunner.run(TestRunner.java:617)
                        	at org.testng.SuiteRunner.runTest(SuiteRunner.java:334)
                        	at org.testng.SuiteRunner.runSequentially(SuiteRunner.java:329)
                        	at org.testng.SuiteRunner.privateRun(SuiteRunner.java:291)
                        	at org.testng.SuiteRunner.run(SuiteRunner.java:240)
                        	at org.testng.SuiteRunnerWorker.runSuite(SuiteRunnerWorker.java:52)
                        	at org.testng.SuiteRunnerWorker.run(SuiteRunnerWorker.java:86)
                        	at org.testng.TestNG.runSuitesSequentially(TestNG.java:1224)
                        	at org.testng.TestNG.runSuitesLocally(TestNG.java:1149)
                        	at org.testng.TestNG.run(TestNG.java:1057)
                        	at org.testng.TestNG.privateMain(TestNG.java:1364)
                        	at org.testng.TestNG.main(TestNG.java:1333)
                     </pre>
                  </div>
               </td>
            </tr>
            <tr id="com.proptiger1.MobileTestBed_teardown_byStatus_passed_PASS1_row"
                class="testMethodStatusPASS testMethodStatusCONF">
               <td width="100%" class="firstMethodCell">
                  <a onclick="toggleDetailsVisibility('com.proptiger1.MobileTestBed_teardown_byStatus_passed_PASS1_details')">teardown()</a>
               </td>
               <td nowrap="true">14:47:13</td>
               <td nowrap="true" align="right">0 ms
                  
               </td>
               <td nowrap="true">
                   
                  
               </td>
            </tr>
            <tr>
               <td colspan="4" class="detailsBox">
                  <div id="com.proptiger1.MobileTestBed_teardown_byStatus_passed_PASS1_details"
                       class="testMethodDetails">
                     <div>
                        <b>Name: </b>teardown
                     </div>
                     <div>
                        <b>Signature: </b>teardown()[pri:0, instance:com.proptiger1.MobileTestBed@15be3a66]
                     </div>
                     <div>
                        <b>Start time: </b>14:47:13
                     </div>
                     <div>
                        <b>End time: </b>14:47:13
                     </div>
                     <div>
                        <b>Duration: </b>0 ms
                        
                     </div>
                  </div>
               </td>
            </tr>
            <tr></tr>
         </table>
      </div>
      <div id="testMethodsByClass">
         <table class="testMethodsTable" cellpadding="0" cellspacing="0">
            <tr>
               <td colspan="4">
                  <h3 style="display: inline;">com.proptiger1.MobileTestBed</h3>
               </td>
            </tr>
            <tr class="methodsTableHeader">
               <td width="100%">Name</td>
               <td nowrap="true">Started</td>
               <td nowrap="true">Duration</td>
               <td>Exception</td>
            </tr>
            <tr id="com.proptiger1.MobileTestBed_Chrome_AndroidTablet_AllPageTest_byClass_FAIL1_row"
                class="testMethodStatusFAIL">
               <td width="100%" class="firstMethodCell">
                  <a onclick="toggleDetailsVisibility('com.proptiger1.MobileTestBed_Chrome_AndroidTablet_AllPageTest_byClass_FAIL1_details')">Chrome_AndroidTablet_AllPageTest()</a>
               </td>
               <td nowrap="true">14:34:17</td>
               <td nowrap="true" align="right">1m
                  7s
                  
               </td>
               <td nowrap="true">
                  <a onclick="toggleDetailsVisibility('com.proptiger1.MobileTestBed_Chrome_AndroidTablet_AllPageTest_byClass_FAIL1_exception')">java.lang.AssertionError: 
                     
                     Global home Page could not be opened inChrome_AndroidTablet
                     
                  </a>
                   
                  
               </td>
            </tr>
            <tr>
               <td colspan="4" class="detailsBox">
                  <div id="com.proptiger1.MobileTestBed_Chrome_AndroidTablet_AllPageTest_byClass_FAIL1_details"
                       class="testMethodDetails">
                     <div>
                        <b>Name: </b>Chrome_AndroidTablet_AllPageTest
                     </div>
                     <div>
                        <b>Signature: </b>Chrome_AndroidTablet_AllPageTest()[pri:0, instance:com.proptiger1.MobileTestBed@15be3a66]
                     </div>
                     <div>
                        <b>Start time: </b>14:34:17
                     </div>
                     <div>
                        <b>End time: </b>14:35:24
                     </div>
                     <div>
                        <b>Duration: </b>1m
                        7s
                        
                     </div>
                  </div>
               </td>
            </tr>
            <tr>
               <td colspan="4" class="detailsBox">
                  <div id="com.proptiger1.MobileTestBed_Chrome_AndroidTablet_AllPageTest_byClass_FAIL1_exception"
                       class="testMethodDetails">
                     <pre style="padding: 5px; margin: 0;">java.lang.AssertionError: 
                        Global home Page could not be opened inChrome_AndroidTablet
                        	at org.testng.Assert.fail(Assert.java:94)
                        	at com.proptiger1.Cross_PlatForm.AllPages(Cross_PlatForm.java:35)
                        	at com.proptiger1.MobileTestBed.Chrome_AndroidTablet_AllPageTest(MobileTestBed.java:39)
                        	at sun.reflect.NativeMethodAccessorImpl.invoke0(Native Method)
                        	at sun.reflect.NativeMethodAccessorImpl.invoke(NativeMethodAccessorImpl.java:57)
                        	at sun.reflect.DelegatingMethodAccessorImpl.invoke(DelegatingMethodAccessorImpl.java:43)
                        	at java.lang.reflect.Method.invoke(Method.java:606)
                        	at org.testng.internal.MethodInvocationHelper.invokeMethod(MethodInvocationHelper.java:84)
                        	at org.testng.internal.Invoker.invokeMethod(Invoker.java:714)
                        	at org.testng.internal.Invoker.invokeTestMethod(Invoker.java:901)
                        	at org.testng.internal.Invoker.invokeTestMethods(Invoker.java:1231)
                        	at org.testng.internal.TestMethodWorker.invokeTestMethods(TestMethodWorker.java:127)
                        	at org.testng.internal.TestMethodWorker.run(TestMethodWorker.java:111)
                        	at org.testng.TestRunner.privateRun(TestRunner.java:767)
                        	at org.testng.TestRunner.run(TestRunner.java:617)
                        	at org.testng.SuiteRunner.runTest(SuiteRunner.java:334)
                        	at org.testng.SuiteRunner.runSequentially(SuiteRunner.java:329)
                        	at org.testng.SuiteRunner.privateRun(SuiteRunner.java:291)
                        	at org.testng.SuiteRunner.run(SuiteRunner.java:240)
                        	at org.testng.SuiteRunnerWorker.runSuite(SuiteRunnerWorker.java:52)
                        	at org.testng.SuiteRunnerWorker.run(SuiteRunnerWorker.java:86)
                        	at org.testng.TestNG.runSuitesSequentially(TestNG.java:1224)
                        	at org.testng.TestNG.runSuitesLocally(TestNG.java:1149)
                        	at org.testng.TestNG.run(TestNG.java:1057)
                        	at org.testng.TestNG.privateMain(TestNG.java:1364)
                        	at org.testng.TestNG.main(TestNG.java:1333)
                     </pre>
                  </div>
               </td>
            </tr>
            <tr id="com.proptiger1.MobileTestBed_OperaMini_iPhone__AllPageTest_byClass_FAIL2_row"
                class="testMethodStatusFAIL">
               <td width="100%" class="firstMethodCell">
                  <a onclick="toggleDetailsVisibility('com.proptiger1.MobileTestBed_OperaMini_iPhone__AllPageTest_byClass_FAIL2_details')">OperaMini_iPhone__AllPageTest()</a>
               </td>
               <td nowrap="true">14:35:24</td>
               <td nowrap="true" align="right">1m
                  26s
                  
               </td>
               <td nowrap="true">
                  <a onclick="toggleDetailsVisibility('com.proptiger1.MobileTestBed_OperaMini_iPhone__AllPageTest_byClass_FAIL2_exception')">java.lang.AssertionError: 
                     
                     Global home Page could not be opened inOperaMini_iPhone
                     
                  </a>
                   
                  
               </td>
            </tr>
            <tr>
               <td colspan="4" class="detailsBox">
                  <div id="com.proptiger1.MobileTestBed_OperaMini_iPhone__AllPageTest_byClass_FAIL2_details"
                       class="testMethodDetails">
                     <div>
                        <b>Name: </b>OperaMini_iPhone__AllPageTest
                     </div>
                     <div>
                        <b>Signature: </b>OperaMini_iPhone__AllPageTest()[pri:0, instance:com.proptiger1.MobileTestBed@15be3a66]
                     </div>
                     <div>
                        <b>Start time: </b>14:35:24
                     </div>
                     <div>
                        <b>End time: </b>14:36:51
                     </div>
                     <div>
                        <b>Duration: </b>1m
                        26s
                        
                     </div>
                  </div>
               </td>
            </tr>
            <tr>
               <td colspan="4" class="detailsBox">
                  <div id="com.proptiger1.MobileTestBed_OperaMini_iPhone__AllPageTest_byClass_FAIL2_exception"
                       class="testMethodDetails">
                     <pre style="padding: 5px; margin: 0;">java.lang.AssertionError: 
                        Global home Page could not be opened inOperaMini_iPhone
                        	at org.testng.Assert.fail(Assert.java:94)
                        	at com.proptiger1.Cross_PlatForm.AllPages(Cross_PlatForm.java:35)
                        	at com.proptiger1.MobileTestBed.OperaMini_iPhone__AllPageTest(MobileTestBed.java:127)
                        	at sun.reflect.NativeMethodAccessorImpl.invoke0(Native Method)
                        	at sun.reflect.NativeMethodAccessorImpl.invoke(NativeMethodAccessorImpl.java:57)
                        	at sun.reflect.DelegatingMethodAccessorImpl.invoke(DelegatingMethodAccessorImpl.java:43)
                        	at java.lang.reflect.Method.invoke(Method.java:606)
                        	at org.testng.internal.MethodInvocationHelper.invokeMethod(MethodInvocationHelper.java:84)
                        	at org.testng.internal.Invoker.invokeMethod(Invoker.java:714)
                        	at org.testng.internal.Invoker.invokeTestMethod(Invoker.java:901)
                        	at org.testng.internal.Invoker.invokeTestMethods(Invoker.java:1231)
                        	at org.testng.internal.TestMethodWorker.invokeTestMethods(TestMethodWorker.java:127)
                        	at org.testng.internal.TestMethodWorker.run(TestMethodWorker.java:111)
                        	at org.testng.TestRunner.privateRun(TestRunner.java:767)
                        	at org.testng.TestRunner.run(TestRunner.java:617)
                        	at org.testng.SuiteRunner.runTest(SuiteRunner.java:334)
                        	at org.testng.SuiteRunner.runSequentially(SuiteRunner.java:329)
                        	at org.testng.SuiteRunner.privateRun(SuiteRunner.java:291)
                        	at org.testng.SuiteRunner.run(SuiteRunner.java:240)
                        	at org.testng.SuiteRunnerWorker.runSuite(SuiteRunnerWorker.java:52)
                        	at org.testng.SuiteRunnerWorker.run(SuiteRunnerWorker.java:86)
                        	at org.testng.TestNG.runSuitesSequentially(TestNG.java:1224)
                        	at org.testng.TestNG.runSuitesLocally(TestNG.java:1149)
                        	at org.testng.TestNG.run(TestNG.java:1057)
                        	at org.testng.TestNG.privateMain(TestNG.java:1364)
                        	at org.testng.TestNG.main(TestNG.java:1333)
                     </pre>
                  </div>
               </td>
            </tr>
            <tr id="com.proptiger1.MobileTestBed_IE_Nokia_Lumia920__AllPageTest_byClass_FAIL3_row"
                class="testMethodStatusFAIL">
               <td width="100%" class="firstMethodCell">
                  <a onclick="toggleDetailsVisibility('com.proptiger1.MobileTestBed_IE_Nokia_Lumia920__AllPageTest_byClass_FAIL3_details')">IE_Nokia_Lumia920__AllPageTest()</a>
               </td>
               <td nowrap="true">14:36:51</td>
               <td nowrap="true" align="right">1m
                  30s
                  
               </td>
               <td nowrap="true">
                  <a onclick="toggleDetailsVisibility('com.proptiger1.MobileTestBed_IE_Nokia_Lumia920__AllPageTest_byClass_FAIL3_exception')">java.lang.AssertionError: 
                     
                     Global home Page could not be opened inIE_Nokia_Lumia920
                     
                  </a>
                   
                  
               </td>
            </tr>
            <tr>
               <td colspan="4" class="detailsBox">
                  <div id="com.proptiger1.MobileTestBed_IE_Nokia_Lumia920__AllPageTest_byClass_FAIL3_details"
                       class="testMethodDetails">
                     <div>
                        <b>Name: </b>IE_Nokia_Lumia920__AllPageTest
                     </div>
                     <div>
                        <b>Signature: </b>IE_Nokia_Lumia920__AllPageTest()[pri:0, instance:com.proptiger1.MobileTestBed@15be3a66]
                     </div>
                     <div>
                        <b>Start time: </b>14:36:51
                     </div>
                     <div>
                        <b>End time: </b>14:38:22
                     </div>
                     <div>
                        <b>Duration: </b>1m
                        30s
                        
                     </div>
                  </div>
               </td>
            </tr>
            <tr>
               <td colspan="4" class="detailsBox">
                  <div id="com.proptiger1.MobileTestBed_IE_Nokia_Lumia920__AllPageTest_byClass_FAIL3_exception"
                       class="testMethodDetails">
                     <pre style="padding: 5px; margin: 0;">java.lang.AssertionError: 
                        Global home Page could not be opened inIE_Nokia_Lumia920
                        	at org.testng.Assert.fail(Assert.java:94)
                        	at com.proptiger1.Cross_PlatForm.AllPages(Cross_PlatForm.java:35)
                        	at com.proptiger1.MobileTestBed.IE_Nokia_Lumia920__AllPageTest(MobileTestBed.java:113)
                        	at sun.reflect.NativeMethodAccessorImpl.invoke0(Native Method)
                        	at sun.reflect.NativeMethodAccessorImpl.invoke(NativeMethodAccessorImpl.java:57)
                        	at sun.reflect.DelegatingMethodAccessorImpl.invoke(DelegatingMethodAccessorImpl.java:43)
                        	at java.lang.reflect.Method.invoke(Method.java:606)
                        	at org.testng.internal.MethodInvocationHelper.invokeMethod(MethodInvocationHelper.java:84)
                        	at org.testng.internal.Invoker.invokeMethod(Invoker.java:714)
                        	at org.testng.internal.Invoker.invokeTestMethod(Invoker.java:901)
                        	at org.testng.internal.Invoker.invokeTestMethods(Invoker.java:1231)
                        	at org.testng.internal.TestMethodWorker.invokeTestMethods(TestMethodWorker.java:127)
                        	at org.testng.internal.TestMethodWorker.run(TestMethodWorker.java:111)
                        	at org.testng.TestRunner.privateRun(TestRunner.java:767)
                        	at org.testng.TestRunner.run(TestRunner.java:617)
                        	at org.testng.SuiteRunner.runTest(SuiteRunner.java:334)
                        	at org.testng.SuiteRunner.runSequentially(SuiteRunner.java:329)
                        	at org.testng.SuiteRunner.privateRun(SuiteRunner.java:291)
                        	at org.testng.SuiteRunner.run(SuiteRunner.java:240)
                        	at org.testng.SuiteRunnerWorker.runSuite(SuiteRunnerWorker.java:52)
                        	at org.testng.SuiteRunnerWorker.run(SuiteRunnerWorker.java:86)
                        	at org.testng.TestNG.runSuitesSequentially(TestNG.java:1224)
                        	at org.testng.TestNG.runSuitesLocally(TestNG.java:1149)
                        	at org.testng.TestNG.run(TestNG.java:1057)
                        	at org.testng.TestNG.privateMain(TestNG.java:1364)
                        	at org.testng.TestNG.main(TestNG.java:1333)
                     </pre>
                  </div>
               </td>
            </tr>
            <tr id="com.proptiger1.MobileTestBed_OperaMini_Android__AllPageTest_byClass_FAIL4_row"
                class="testMethodStatusFAIL">
               <td width="100%" class="firstMethodCell">
                  <a onclick="toggleDetailsVisibility('com.proptiger1.MobileTestBed_OperaMini_Android__AllPageTest_byClass_FAIL4_details')">OperaMini_Android__AllPageTest()</a>
               </td>
               <td nowrap="true">14:38:22</td>
               <td nowrap="true" align="right">1m
                  58s
                  
               </td>
               <td nowrap="true">
                  <a onclick="toggleDetailsVisibility('com.proptiger1.MobileTestBed_OperaMini_Android__AllPageTest_byClass_FAIL4_exception')">java.lang.AssertionError: 
                     
                     Global home Page could not be opened inOperaMini_Android
                     
                  </a>
                   
                  
               </td>
            </tr>
            <tr>
               <td colspan="4" class="detailsBox">
                  <div id="com.proptiger1.MobileTestBed_OperaMini_Android__AllPageTest_byClass_FAIL4_details"
                       class="testMethodDetails">
                     <div>
                        <b>Name: </b>OperaMini_Android__AllPageTest
                     </div>
                     <div>
                        <b>Signature: </b>OperaMini_Android__AllPageTest()[pri:0, instance:com.proptiger1.MobileTestBed@15be3a66]
                     </div>
                     <div>
                        <b>Start time: </b>14:38:22
                     </div>
                     <div>
                        <b>End time: </b>14:40:20
                     </div>
                     <div>
                        <b>Duration: </b>1m
                        58s
                        
                     </div>
                  </div>
               </td>
            </tr>
            <tr>
               <td colspan="4" class="detailsBox">
                  <div id="com.proptiger1.MobileTestBed_OperaMini_Android__AllPageTest_byClass_FAIL4_exception"
                       class="testMethodDetails">
                     <pre style="padding: 5px; margin: 0;">java.lang.AssertionError: 
                        Global home Page could not be opened inOperaMini_Android
                        	at org.testng.Assert.fail(Assert.java:94)
                        	at com.proptiger1.Cross_PlatForm.AllPages(Cross_PlatForm.java:35)
                        	at com.proptiger1.MobileTestBed.OperaMini_Android__AllPageTest(MobileTestBed.java:142)
                        	at sun.reflect.NativeMethodAccessorImpl.invoke0(Native Method)
                        	at sun.reflect.NativeMethodAccessorImpl.invoke(NativeMethodAccessorImpl.java:57)
                        	at sun.reflect.DelegatingMethodAccessorImpl.invoke(DelegatingMethodAccessorImpl.java:43)
                        	at java.lang.reflect.Method.invoke(Method.java:606)
                        	at org.testng.internal.MethodInvocationHelper.invokeMethod(MethodInvocationHelper.java:84)
                        	at org.testng.internal.Invoker.invokeMethod(Invoker.java:714)
                        	at org.testng.internal.Invoker.invokeTestMethod(Invoker.java:901)
                        	at org.testng.internal.Invoker.invokeTestMethods(Invoker.java:1231)
                        	at org.testng.internal.TestMethodWorker.invokeTestMethods(TestMethodWorker.java:127)
                        	at org.testng.internal.TestMethodWorker.run(TestMethodWorker.java:111)
                        	at org.testng.TestRunner.privateRun(TestRunner.java:767)
                        	at org.testng.TestRunner.run(TestRunner.java:617)
                        	at org.testng.SuiteRunner.runTest(SuiteRunner.java:334)
                        	at org.testng.SuiteRunner.runSequentially(SuiteRunner.java:329)
                        	at org.testng.SuiteRunner.privateRun(SuiteRunner.java:291)
                        	at org.testng.SuiteRunner.run(SuiteRunner.java:240)
                        	at org.testng.SuiteRunnerWorker.runSuite(SuiteRunnerWorker.java:52)
                        	at org.testng.SuiteRunnerWorker.run(SuiteRunnerWorker.java:86)
                        	at org.testng.TestNG.runSuitesSequentially(TestNG.java:1224)
                        	at org.testng.TestNG.runSuitesLocally(TestNG.java:1149)
                        	at org.testng.TestNG.run(TestNG.java:1057)
                        	at org.testng.TestNG.privateMain(TestNG.java:1364)
                        	at org.testng.TestNG.main(TestNG.java:1333)
                     </pre>
                  </div>
               </td>
            </tr>
            <tr id="com.proptiger1.MobileTestBed_Safari_iOS8__AllPageTest_byClass_FAIL5_row"
                class="testMethodStatusFAIL">
               <td width="100%" class="firstMethodCell">
                  <a onclick="toggleDetailsVisibility('com.proptiger1.MobileTestBed_Safari_iOS8__AllPageTest_byClass_FAIL5_details')">Safari_iOS8__AllPageTest()</a>
               </td>
               <td nowrap="true">14:40:20</td>
               <td nowrap="true" align="right">1m
                  12s
                  
               </td>
               <td nowrap="true">
                  <a onclick="toggleDetailsVisibility('com.proptiger1.MobileTestBed_Safari_iOS8__AllPageTest_byClass_FAIL5_exception')">java.lang.AssertionError: 
                     
                     Global home Page could not be opened inSafari_iOS8
                     
                  </a>
                   
                  
               </td>
            </tr>
            <tr>
               <td colspan="4" class="detailsBox">
                  <div id="com.proptiger1.MobileTestBed_Safari_iOS8__AllPageTest_byClass_FAIL5_details"
                       class="testMethodDetails">
                     <div>
                        <b>Name: </b>Safari_iOS8__AllPageTest
                     </div>
                     <div>
                        <b>Signature: </b>Safari_iOS8__AllPageTest()[pri:0, instance:com.proptiger1.MobileTestBed@15be3a66]
                     </div>
                     <div>
                        <b>Start time: </b>14:40:20
                     </div>
                     <div>
                        <b>End time: </b>14:41:32
                     </div>
                     <div>
                        <b>Duration: </b>1m
                        12s
                        
                     </div>
                  </div>
               </td>
            </tr>
            <tr>
               <td colspan="4" class="detailsBox">
                  <div id="com.proptiger1.MobileTestBed_Safari_iOS8__AllPageTest_byClass_FAIL5_exception"
                       class="testMethodDetails">
                     <pre style="padding: 5px; margin: 0;">java.lang.AssertionError: 
                        Global home Page could not be opened inSafari_iOS8
                        	at org.testng.Assert.fail(Assert.java:94)
                        	at com.proptiger1.Cross_PlatForm.AllPages(Cross_PlatForm.java:35)
                        	at com.proptiger1.MobileTestBed.Safari_iOS8__AllPageTest(MobileTestBed.java:83)
                        	at sun.reflect.NativeMethodAccessorImpl.invoke0(Native Method)
                        	at sun.reflect.NativeMethodAccessorImpl.invoke(NativeMethodAccessorImpl.java:57)
                        	at sun.reflect.DelegatingMethodAccessorImpl.invoke(DelegatingMethodAccessorImpl.java:43)
                        	at java.lang.reflect.Method.invoke(Method.java:606)
                        	at org.testng.internal.MethodInvocationHelper.invokeMethod(MethodInvocationHelper.java:84)
                        	at org.testng.internal.Invoker.invokeMethod(Invoker.java:714)
                        	at org.testng.internal.Invoker.invokeTestMethod(Invoker.java:901)
                        	at org.testng.internal.Invoker.invokeTestMethods(Invoker.java:1231)
                        	at org.testng.internal.TestMethodWorker.invokeTestMethods(TestMethodWorker.java:127)
                        	at org.testng.internal.TestMethodWorker.run(TestMethodWorker.java:111)
                        	at org.testng.TestRunner.privateRun(TestRunner.java:767)
                        	at org.testng.TestRunner.run(TestRunner.java:617)
                        	at org.testng.SuiteRunner.runTest(SuiteRunner.java:334)
                        	at org.testng.SuiteRunner.runSequentially(SuiteRunner.java:329)
                        	at org.testng.SuiteRunner.privateRun(SuiteRunner.java:291)
                        	at org.testng.SuiteRunner.run(SuiteRunner.java:240)
                        	at org.testng.SuiteRunnerWorker.runSuite(SuiteRunnerWorker.java:52)
                        	at org.testng.SuiteRunnerWorker.run(SuiteRunnerWorker.java:86)
                        	at org.testng.TestNG.runSuitesSequentially(TestNG.java:1224)
                        	at org.testng.TestNG.runSuitesLocally(TestNG.java:1149)
                        	at org.testng.TestNG.run(TestNG.java:1057)
                        	at org.testng.TestNG.privateMain(TestNG.java:1364)
                        	at org.testng.TestNG.main(TestNG.java:1333)
                     </pre>
                  </div>
               </td>
            </tr>
            <tr id="com.proptiger1.MobileTestBed_FireFox_Android_AllPageTest_byClass_FAIL6_row"
                class="testMethodStatusFAIL">
               <td width="100%" class="firstMethodCell">
                  <a onclick="toggleDetailsVisibility('com.proptiger1.MobileTestBed_FireFox_Android_AllPageTest_byClass_FAIL6_details')">FireFox_Android_AllPageTest()</a>
               </td>
               <td nowrap="true">14:41:32</td>
               <td nowrap="true" align="right">1m
                  51s
                  
               </td>
               <td nowrap="true">
                  <a onclick="toggleDetailsVisibility('com.proptiger1.MobileTestBed_FireFox_Android_AllPageTest_byClass_FAIL6_exception')">java.lang.AssertionError: 
                     
                     Global home Page could not be opened inFireFox_Android
                     
                  </a>
                   
                  
               </td>
            </tr>
            <tr>
               <td colspan="4" class="detailsBox">
                  <div id="com.proptiger1.MobileTestBed_FireFox_Android_AllPageTest_byClass_FAIL6_details"
                       class="testMethodDetails">
                     <div>
                        <b>Name: </b>FireFox_Android_AllPageTest
                     </div>
                     <div>
                        <b>Signature: </b>FireFox_Android_AllPageTest()[pri:0, instance:com.proptiger1.MobileTestBed@15be3a66]
                     </div>
                     <div>
                        <b>Start time: </b>14:41:32
                     </div>
                     <div>
                        <b>End time: </b>14:43:24
                     </div>
                     <div>
                        <b>Duration: </b>1m
                        51s
                        
                     </div>
                  </div>
               </td>
            </tr>
            <tr>
               <td colspan="4" class="detailsBox">
                  <div id="com.proptiger1.MobileTestBed_FireFox_Android_AllPageTest_byClass_FAIL6_exception"
                       class="testMethodDetails">
                     <pre style="padding: 5px; margin: 0;">java.lang.AssertionError: 
                        Global home Page could not be opened inFireFox_Android
                        	at org.testng.Assert.fail(Assert.java:94)
                        	at com.proptiger1.Cross_PlatForm.AllPages(Cross_PlatForm.java:35)
                        	at com.proptiger1.MobileTestBed.FireFox_Android_AllPageTest(MobileTestBed.java:69)
                        	at sun.reflect.NativeMethodAccessorImpl.invoke0(Native Method)
                        	at sun.reflect.NativeMethodAccessorImpl.invoke(NativeMethodAccessorImpl.java:57)
                        	at sun.reflect.DelegatingMethodAccessorImpl.invoke(DelegatingMethodAccessorImpl.java:43)
                        	at java.lang.reflect.Method.invoke(Method.java:606)
                        	at org.testng.internal.MethodInvocationHelper.invokeMethod(MethodInvocationHelper.java:84)
                        	at org.testng.internal.Invoker.invokeMethod(Invoker.java:714)
                        	at org.testng.internal.Invoker.invokeTestMethod(Invoker.java:901)
                        	at org.testng.internal.Invoker.invokeTestMethods(Invoker.java:1231)
                        	at org.testng.internal.TestMethodWorker.invokeTestMethods(TestMethodWorker.java:127)
                        	at org.testng.internal.TestMethodWorker.run(TestMethodWorker.java:111)
                        	at org.testng.TestRunner.privateRun(TestRunner.java:767)
                        	at org.testng.TestRunner.run(TestRunner.java:617)
                        	at org.testng.SuiteRunner.runTest(SuiteRunner.java:334)
                        	at org.testng.SuiteRunner.runSequentially(SuiteRunner.java:329)
                        	at org.testng.SuiteRunner.privateRun(SuiteRunner.java:291)
                        	at org.testng.SuiteRunner.run(SuiteRunner.java:240)
                        	at org.testng.SuiteRunnerWorker.runSuite(SuiteRunnerWorker.java:52)
                        	at org.testng.SuiteRunnerWorker.run(SuiteRunnerWorker.java:86)
                        	at org.testng.TestNG.runSuitesSequentially(TestNG.java:1224)
                        	at org.testng.TestNG.runSuitesLocally(TestNG.java:1149)
                        	at org.testng.TestNG.run(TestNG.java:1057)
                        	at org.testng.TestNG.privateMain(TestNG.java:1364)
                        	at org.testng.TestNG.main(TestNG.java:1333)
                     </pre>
                  </div>
               </td>
            </tr>
            <tr id="com.proptiger1.MobileTestBed_Chrome_AndroidMobile__AllPageTest_byClass_FAIL7_row"
                class="testMethodStatusFAIL">
               <td width="100%" class="firstMethodCell">
                  <a onclick="toggleDetailsVisibility('com.proptiger1.MobileTestBed_Chrome_AndroidMobile__AllPageTest_byClass_FAIL7_details')">Chrome_AndroidMobile__AllPageTest()</a>
               </td>
               <td nowrap="true">14:43:24</td>
               <td nowrap="true" align="right">1m
                  21s
                  
               </td>
               <td nowrap="true">
                  <a onclick="toggleDetailsVisibility('com.proptiger1.MobileTestBed_Chrome_AndroidMobile__AllPageTest_byClass_FAIL7_exception')">java.lang.AssertionError: 
                     
                     Global home Page could not be opened inChrome_AndroidMobile
                     
                  </a>
                   
                  
               </td>
            </tr>
            <tr>
               <td colspan="4" class="detailsBox">
                  <div id="com.proptiger1.MobileTestBed_Chrome_AndroidMobile__AllPageTest_byClass_FAIL7_details"
                       class="testMethodDetails">
                     <div>
                        <b>Name: </b>Chrome_AndroidMobile__AllPageTest
                     </div>
                     <div>
                        <b>Signature: </b>Chrome_AndroidMobile__AllPageTest()[pri:0, instance:com.proptiger1.MobileTestBed@15be3a66]
                     </div>
                     <div>
                        <b>Start time: </b>14:43:24
                     </div>
                     <div>
                        <b>End time: </b>14:44:46
                     </div>
                     <div>
                        <b>Duration: </b>1m
                        21s
                        
                     </div>
                  </div>
               </td>
            </tr>
            <tr>
               <td colspan="4" class="detailsBox">
                  <div id="com.proptiger1.MobileTestBed_Chrome_AndroidMobile__AllPageTest_byClass_FAIL7_exception"
                       class="testMethodDetails">
                     <pre style="padding: 5px; margin: 0;">java.lang.AssertionError: 
                        Global home Page could not be opened inChrome_AndroidMobile
                        	at org.testng.Assert.fail(Assert.java:94)
                        	at com.proptiger1.Cross_PlatForm.AllPages(Cross_PlatForm.java:35)
                        	at com.proptiger1.MobileTestBed.Chrome_AndroidMobile__AllPageTest(MobileTestBed.java:55)
                        	at sun.reflect.NativeMethodAccessorImpl.invoke0(Native Method)
                        	at sun.reflect.NativeMethodAccessorImpl.invoke(NativeMethodAccessorImpl.java:57)
                        	at sun.reflect.DelegatingMethodAccessorImpl.invoke(DelegatingMethodAccessorImpl.java:43)
                        	at java.lang.reflect.Method.invoke(Method.java:606)
                        	at org.testng.internal.MethodInvocationHelper.invokeMethod(MethodInvocationHelper.java:84)
                        	at org.testng.internal.Invoker.invokeMethod(Invoker.java:714)
                        	at org.testng.internal.Invoker.invokeTestMethod(Invoker.java:901)
                        	at org.testng.internal.Invoker.invokeTestMethods(Invoker.java:1231)
                        	at org.testng.internal.TestMethodWorker.invokeTestMethods(TestMethodWorker.java:127)
                        	at org.testng.internal.TestMethodWorker.run(TestMethodWorker.java:111)
                        	at org.testng.TestRunner.privateRun(TestRunner.java:767)
                        	at org.testng.TestRunner.run(TestRunner.java:617)
                        	at org.testng.SuiteRunner.runTest(SuiteRunner.java:334)
                        	at org.testng.SuiteRunner.runSequentially(SuiteRunner.java:329)
                        	at org.testng.SuiteRunner.privateRun(SuiteRunner.java:291)
                        	at org.testng.SuiteRunner.run(SuiteRunner.java:240)
                        	at org.testng.SuiteRunnerWorker.runSuite(SuiteRunnerWorker.java:52)
                        	at org.testng.SuiteRunnerWorker.run(SuiteRunnerWorker.java:86)
                        	at org.testng.TestNG.runSuitesSequentially(TestNG.java:1224)
                        	at org.testng.TestNG.runSuitesLocally(TestNG.java:1149)
                        	at org.testng.TestNG.run(TestNG.java:1057)
                        	at org.testng.TestNG.privateMain(TestNG.java:1364)
                        	at org.testng.TestNG.main(TestNG.java:1333)
                     </pre>
                  </div>
               </td>
            </tr>
            <tr id="com.proptiger1.MobileTestBed_Safari_iOS7__AllPageTest_byClass_FAIL8_row"
                class="testMethodStatusFAIL">
               <td width="100%" class="firstMethodCell">
                  <a onclick="toggleDetailsVisibility('com.proptiger1.MobileTestBed_Safari_iOS7__AllPageTest_byClass_FAIL8_details')">Safari_iOS7__AllPageTest()</a>
               </td>
               <td nowrap="true">14:44:46</td>
               <td nowrap="true" align="right">1m
                  8s
                  
               </td>
               <td nowrap="true">
                  <a onclick="toggleDetailsVisibility('com.proptiger1.MobileTestBed_Safari_iOS7__AllPageTest_byClass_FAIL8_exception')">java.lang.AssertionError: 
                     
                     Global home Page could not be opened inSafari_iOS7
                     
                  </a>
                   
                  
               </td>
            </tr>
            <tr>
               <td colspan="4" class="detailsBox">
                  <div id="com.proptiger1.MobileTestBed_Safari_iOS7__AllPageTest_byClass_FAIL8_details"
                       class="testMethodDetails">
                     <div>
                        <b>Name: </b>Safari_iOS7__AllPageTest
                     </div>
                     <div>
                        <b>Signature: </b>Safari_iOS7__AllPageTest()[pri:0, instance:com.proptiger1.MobileTestBed@15be3a66]
                     </div>
                     <div>
                        <b>Start time: </b>14:44:46
                     </div>
                     <div>
                        <b>End time: </b>14:45:54
                     </div>
                     <div>
                        <b>Duration: </b>1m
                        8s
                        
                     </div>
                  </div>
               </td>
            </tr>
            <tr>
               <td colspan="4" class="detailsBox">
                  <div id="com.proptiger1.MobileTestBed_Safari_iOS7__AllPageTest_byClass_FAIL8_exception"
                       class="testMethodDetails">
                     <pre style="padding: 5px; margin: 0;">java.lang.AssertionError: 
                        Global home Page could not be opened inSafari_iOS7
                        	at org.testng.Assert.fail(Assert.java:94)
                        	at com.proptiger1.Cross_PlatForm.AllPages(Cross_PlatForm.java:35)
                        	at com.proptiger1.MobileTestBed.Safari_iOS7__AllPageTest(MobileTestBed.java:98)
                        	at sun.reflect.NativeMethodAccessorImpl.invoke0(Native Method)
                        	at sun.reflect.NativeMethodAccessorImpl.invoke(NativeMethodAccessorImpl.java:57)
                        	at sun.reflect.DelegatingMethodAccessorImpl.invoke(DelegatingMethodAccessorImpl.java:43)
                        	at java.lang.reflect.Method.invoke(Method.java:606)
                        	at org.testng.internal.MethodInvocationHelper.invokeMethod(MethodInvocationHelper.java:84)
                        	at org.testng.internal.Invoker.invokeMethod(Invoker.java:714)
                        	at org.testng.internal.Invoker.invokeTestMethod(Invoker.java:901)
                        	at org.testng.internal.Invoker.invokeTestMethods(Invoker.java:1231)
                        	at org.testng.internal.TestMethodWorker.invokeTestMethods(TestMethodWorker.java:127)
                        	at org.testng.internal.TestMethodWorker.run(TestMethodWorker.java:111)
                        	at org.testng.TestRunner.privateRun(TestRunner.java:767)
                        	at org.testng.TestRunner.run(TestRunner.java:617)
                        	at org.testng.SuiteRunner.runTest(SuiteRunner.java:334)
                        	at org.testng.SuiteRunner.runSequentially(SuiteRunner.java:329)
                        	at org.testng.SuiteRunner.privateRun(SuiteRunner.java:291)
                        	at org.testng.SuiteRunner.run(SuiteRunner.java:240)
                        	at org.testng.SuiteRunnerWorker.runSuite(SuiteRunnerWorker.java:52)
                        	at org.testng.SuiteRunnerWorker.run(SuiteRunnerWorker.java:86)
                        	at org.testng.TestNG.runSuitesSequentially(TestNG.java:1224)
                        	at org.testng.TestNG.runSuitesLocally(TestNG.java:1149)
                        	at org.testng.TestNG.run(TestNG.java:1057)
                        	at org.testng.TestNG.privateMain(TestNG.java:1364)
                        	at org.testng.TestNG.main(TestNG.java:1333)
                     </pre>
                  </div>
               </td>
            </tr>
            <tr id="com.proptiger1.MobileTestBed_Chrome_iPhone_AllPageTest_byClass_FAIL9_row"
                class="testMethodStatusFAIL">
               <td width="100%" class="firstMethodCell">
                  <a onclick="toggleDetailsVisibility('com.proptiger1.MobileTestBed_Chrome_iPhone_AllPageTest_byClass_FAIL9_details')">Chrome_iPhone_AllPageTest()</a>
               </td>
               <td nowrap="true">14:45:54</td>
               <td nowrap="true" align="right">1m
                  18s
                  
               </td>
               <td nowrap="true">
                  <a onclick="toggleDetailsVisibility('com.proptiger1.MobileTestBed_Chrome_iPhone_AllPageTest_byClass_FAIL9_exception')">java.lang.AssertionError: 
                     
                     Global home Page could not be opened inChrome_iPhone
                     
                  </a>
                   
                  
               </td>
            </tr>
            <tr>
               <td colspan="4" class="detailsBox">
                  <div id="com.proptiger1.MobileTestBed_Chrome_iPhone_AllPageTest_byClass_FAIL9_details"
                       class="testMethodDetails">
                     <div>
                        <b>Name: </b>Chrome_iPhone_AllPageTest
                     </div>
                     <div>
                        <b>Signature: </b>Chrome_iPhone_AllPageTest()[pri:0, instance:com.proptiger1.MobileTestBed@15be3a66]
                     </div>
                     <div>
                        <b>Start time: </b>14:45:54
                     </div>
                     <div>
                        <b>End time: </b>14:47:13
                     </div>
                     <div>
                        <b>Duration: </b>1m
                        18s
                        
                     </div>
                  </div>
               </td>
            </tr>
            <tr>
               <td colspan="4" class="detailsBox">
                  <div id="com.proptiger1.MobileTestBed_Chrome_iPhone_AllPageTest_byClass_FAIL9_exception"
                       class="testMethodDetails">
                     <pre style="padding: 5px; margin: 0;">java.lang.AssertionError: 
                        Global home Page could not be opened inChrome_iPhone
                        	at org.testng.Assert.fail(Assert.java:94)
                        	at com.proptiger1.Cross_PlatForm.AllPages(Cross_PlatForm.java:35)
                        	at com.proptiger1.MobileTestBed.Chrome_iPhone_AllPageTest(MobileTestBed.java:20)
                        	at sun.reflect.NativeMethodAccessorImpl.invoke0(Native Method)
                        	at sun.reflect.NativeMethodAccessorImpl.invoke(NativeMethodAccessorImpl.java:57)
                        	at sun.reflect.DelegatingMethodAccessorImpl.invoke(DelegatingMethodAccessorImpl.java:43)
                        	at java.lang.reflect.Method.invoke(Method.java:606)
                        	at org.testng.internal.MethodInvocationHelper.invokeMethod(MethodInvocationHelper.java:84)
                        	at org.testng.internal.Invoker.invokeMethod(Invoker.java:714)
                        	at org.testng.internal.Invoker.invokeTestMethod(Invoker.java:901)
                        	at org.testng.internal.Invoker.invokeTestMethods(Invoker.java:1231)
                        	at org.testng.internal.TestMethodWorker.invokeTestMethods(TestMethodWorker.java:127)
                        	at org.testng.internal.TestMethodWorker.run(TestMethodWorker.java:111)
                        	at org.testng.TestRunner.privateRun(TestRunner.java:767)
                        	at org.testng.TestRunner.run(TestRunner.java:617)
                        	at org.testng.SuiteRunner.runTest(SuiteRunner.java:334)
                        	at org.testng.SuiteRunner.runSequentially(SuiteRunner.java:329)
                        	at org.testng.SuiteRunner.privateRun(SuiteRunner.java:291)
                        	at org.testng.SuiteRunner.run(SuiteRunner.java:240)
                        	at org.testng.SuiteRunnerWorker.runSuite(SuiteRunnerWorker.java:52)
                        	at org.testng.SuiteRunnerWorker.run(SuiteRunnerWorker.java:86)
                        	at org.testng.TestNG.runSuitesSequentially(TestNG.java:1224)
                        	at org.testng.TestNG.runSuitesLocally(TestNG.java:1149)
                        	at org.testng.TestNG.run(TestNG.java:1057)
                        	at org.testng.TestNG.privateMain(TestNG.java:1364)
                        	at org.testng.TestNG.main(TestNG.java:1333)
                     </pre>
                  </div>
               </td>
            </tr>
            <tr id="com.proptiger1.MobileTestBed_teardown_byClass_PASS10_row"
                class="testMethodStatusPASS testMethodStatusCONF">
               <td width="100%" class="firstMethodCell">
                  <a onclick="toggleDetailsVisibility('com.proptiger1.MobileTestBed_teardown_byClass_PASS10_details')">teardown()</a>
               </td>
               <td nowrap="true">14:47:13</td>
               <td nowrap="true" align="right">0 ms
                  
               </td>
               <td nowrap="true">
                   
                  
               </td>
            </tr>
            <tr>
               <td colspan="4" class="detailsBox">
                  <div id="com.proptiger1.MobileTestBed_teardown_byClass_PASS10_details"
                       class="testMethodDetails">
                     <div>
                        <b>Name: </b>teardown
                     </div>
                     <div>
                        <b>Signature: </b>teardown()[pri:0, instance:com.proptiger1.MobileTestBed@15be3a66]
                     </div>
                     <div>
                        <b>Start time: </b>14:47:13
                     </div>
                     <div>
                        <b>End time: </b>14:47:13
                     </div>
                     <div>
                        <b>Duration: </b>0 ms
                        
                     </div>
                  </div>
               </td>
            </tr>
            <tr></tr>
         </table>
         <br></br>
      </div>
      <div style="margin-top: 15px; color: gray; text-align: center; font-size: 9px;">
         Generated with
         
         <a href="http://code.google.com/p/testng-xslt/" style="color: #8888aa;"
            target="_blank">
            TestNG XSLT
            
         </a>
      </div>
   </body>
</html>