<html xmlns:math="http://exslt.org/math" xmlns:testng="http://testng.org">
   <head>
      <title>TestNG Results</title>
      <meta http-equiv="content-type" content="text/html; charset=utf-8"></meta>
      <meta http-equiv="pragma" content="no-cache"></meta>
      <meta http-equiv="cache-control" content="max-age=0"></meta>
      <meta http-equiv="cache-control" content="no-cache"></meta>
      <meta http-equiv="cache-control" content="no-store"></meta>
      <LINK rel="stylesheet" href="style.css"></LINK>
      <script type="text/javascript" src="main.js"></script>
   </head>
   <body>
      <table width="100%" style="font-size: 16px; margin-bottom: 10px;" cellspacing="1">
         <tr>
            <td width="100%">
               Test case
               
               <b>DESKTOP RESPONSIVE PAGE TEST: 3 PLATFORMS x 2 BROWSERS  EACH</b>
            </td>
            <td style="background-color: #FFBBBB; padding: 3px 3px 3px 0;" align="center">
               <div style="width: 50px;">6</div>
            </td>
            <td style="background-color: lightgreen; padding: 3px 3px 3px 0;" align="center">
               <div style="width: 50px;">0</div>
            </td>
            <td style="background-color: #FFFFBB; padding: 3px 3px 3px 0;" align="center">
               <div style="width: 50px;">0</div>
            </td>
            <td align="center" style="background-color: #eaf0f7; padding: 3px 3px 3px 0;">
               <div style="width: 50px;">6</div>
            </td>
            <td align="center"
                style="font-weight: bold; background-color: #eaf0f7; padding: 3px 3px 3px 0;">
               <div style="width: 50px;">0%</div>
            </td>
            <td style="background-color: #eaf0f7; padding: 3px 3px 3px 0;" align="center"
                nowrap="true">7m
               30s
               
            </td>
         </tr>
      </table>
      <div style="width: 200px;">
         <label for="groupMethodsCheckBox" style="font-weight: bold; margin: 0;">
            <input id="groupMethodsCheckBox" type="checkbox" onclick="switchTestMethodsView(this)"
                   checked=""></input>
            Group by class
            
         </label>
         <br></br>
         <label for="methodsFilter_ALL" style="font-weight: bold; margin: 0;">
            <input id="methodsFilter_ALL" type="checkbox"
                   onclick="testMethodsFilterChanged(this, 'ALL')"
                   checked=""></input>
            All
            
         </label>
      </div>
      <label for="methodsFilter_FAIL" style="margin-left: 20px;">
         <input id="methodsFilter_FAIL" type="checkbox"
                onclick="testMethodsFilterChanged(this, 'FAIL')"
                checked=""></input>
         Failed
         
      </label>
      <label for="methodsFilter_PASS">
         <input id="methodsFilter_PASS" type="checkbox"
                onclick="testMethodsFilterChanged(this, 'PASS')"
                checked=""></input>
         Passed
         
      </label>
      <label for="methodsFilter_SKIP">
         <input id="methodsFilter_SKIP" type="checkbox"
                onclick="testMethodsFilterChanged(this, 'SKIP')"
                checked=""></input>
         Skipped
         
      </label>
      <label for="methodsFilter_CONF">
         <input id="methodsFilter_CONF" type="checkbox"
                onclick="testMethodsFilterChanged(this, 'CONF')"
                checked=""></input>
         Config
         
      </label>
      <br></br>
      <div id="testMethodsByStatus" style="display: none;">
         <table class="testMethodsTable" cellpadding="0" cellspacing="0">
            <tr class="methodsTableHeader">
               <td width="100%">Name</td>
               <td nowrap="true">Started</td>
               <td nowrap="true">Duration</td>
               <td>Exception</td>
            </tr>
            <tr id="com.proptiger1.DesktopTestBed_ResponsicePage_Safari_Mac_byStatus_failed_FAIL1_row"
                class="testMethodStatusFAIL">
               <td width="100%" class="firstMethodCell">
                  <a onclick="toggleDetailsVisibility('com.proptiger1.DesktopTestBed_ResponsicePage_Safari_Mac_byStatus_failed_FAIL1_details')">ResponsicePage_Safari_Mac()</a>
               </td>
               <td nowrap="true">14:47:13</td>
               <td nowrap="true" align="right">58s
                  
               </td>
               <td nowrap="true">
                  <a onclick="toggleDetailsVisibility('com.proptiger1.DesktopTestBed_ResponsicePage_Safari_Mac_byStatus_failed_FAIL1_exception')">java.lang.AssertionError: 
                     Header text is not appearing
                     
                  </a>
                   
                  
               </td>
            </tr>
            <tr>
               <td colspan="4" class="detailsBox">
                  <div id="com.proptiger1.DesktopTestBed_ResponsicePage_Safari_Mac_byStatus_failed_FAIL1_details"
                       class="testMethodDetails">
                     <div>
                        <b>Name: </b>ResponsicePage_Safari_Mac
                     </div>
                     <div>
                        <b>Signature: </b>ResponsicePage_Safari_Mac()[pri:0, instance:com.proptiger1.DesktopTestBed@52cc3e77]
                     </div>
                     <div>
                        <b>Start time: </b>14:47:13
                     </div>
                     <div>
                        <b>End time: </b>14:48:11
                     </div>
                     <div>
                        <b>Duration: </b>58s
                        
                     </div>
                  </div>
               </td>
            </tr>
            <tr>
               <td colspan="4" class="detailsBox">
                  <div id="com.proptiger1.DesktopTestBed_ResponsicePage_Safari_Mac_byStatus_failed_FAIL1_exception"
                       class="testMethodDetails">
                     <pre style="padding: 5px; margin: 0;">java.lang.AssertionError: Header text is not appearing
                        	at org.testng.Assert.fail(Assert.java:94)
                        	at com.proptiger1.DesktopResponsive_Test.Gallery(DesktopResponsive_Test.java:158)
                        	at com.proptiger1.DesktopTestBed.ResponsicePage_Safari_Mac(DesktopTestBed.java:127)
                        	at sun.reflect.NativeMethodAccessorImpl.invoke0(Native Method)
                        	at sun.reflect.NativeMethodAccessorImpl.invoke(NativeMethodAccessorImpl.java:57)
                        	at sun.reflect.DelegatingMethodAccessorImpl.invoke(DelegatingMethodAccessorImpl.java:43)
                        	at java.lang.reflect.Method.invoke(Method.java:606)
                        	at org.testng.internal.MethodInvocationHelper.invokeMethod(MethodInvocationHelper.java:84)
                        	at org.testng.internal.Invoker.invokeMethod(Invoker.java:714)
                        	at org.testng.internal.Invoker.invokeTestMethod(Invoker.java:901)
                        	at org.testng.internal.Invoker.invokeTestMethods(Invoker.java:1231)
                        	at org.testng.internal.TestMethodWorker.invokeTestMethods(TestMethodWorker.java:127)
                        	at org.testng.internal.TestMethodWorker.run(TestMethodWorker.java:111)
                        	at org.testng.TestRunner.privateRun(TestRunner.java:767)
                        	at org.testng.TestRunner.run(TestRunner.java:617)
                        	at org.testng.SuiteRunner.runTest(SuiteRunner.java:334)
                        	at org.testng.SuiteRunner.runSequentially(SuiteRunner.java:329)
                        	at org.testng.SuiteRunner.privateRun(SuiteRunner.java:291)
                        	at org.testng.SuiteRunner.run(SuiteRunner.java:240)
                        	at org.testng.SuiteRunnerWorker.runSuite(SuiteRunnerWorker.java:52)
                        	at org.testng.SuiteRunnerWorker.run(SuiteRunnerWorker.java:86)
                        	at org.testng.TestNG.runSuitesSequentially(TestNG.java:1224)
                        	at org.testng.TestNG.runSuitesLocally(TestNG.java:1149)
                        	at org.testng.TestNG.run(TestNG.java:1057)
                        	at org.testng.TestNG.privateMain(TestNG.java:1364)
                        	at org.testng.TestNG.main(TestNG.java:1333)
                     </pre>
                  </div>
               </td>
            </tr>
            <tr id="com.proptiger1.DesktopTestBed_ResponsicePage_Chrome_Linux_byStatus_failed_FAIL2_row"
                class="testMethodStatusFAIL">
               <td width="100%" class="firstMethodCell">
                  <a onclick="toggleDetailsVisibility('com.proptiger1.DesktopTestBed_ResponsicePage_Chrome_Linux_byStatus_failed_FAIL2_details')">ResponsicePage_Chrome_Linux()</a>
               </td>
               <td nowrap="true">14:48:11</td>
               <td nowrap="true" align="right">1m
                  3s
                  
               </td>
               <td nowrap="true">
                  <a onclick="toggleDetailsVisibility('com.proptiger1.DesktopTestBed_ResponsicePage_Chrome_Linux_byStatus_failed_FAIL2_exception')">java.lang.AssertionError: 
                     Header text is not appearing
                     
                  </a>
                   
                  
               </td>
            </tr>
            <tr>
               <td colspan="4" class="detailsBox">
                  <div id="com.proptiger1.DesktopTestBed_ResponsicePage_Chrome_Linux_byStatus_failed_FAIL2_details"
                       class="testMethodDetails">
                     <div>
                        <b>Name: </b>ResponsicePage_Chrome_Linux
                     </div>
                     <div>
                        <b>Signature: </b>ResponsicePage_Chrome_Linux()[pri:0, instance:com.proptiger1.DesktopTestBed@52cc3e77]
                     </div>
                     <div>
                        <b>Start time: </b>14:48:11
                     </div>
                     <div>
                        <b>End time: </b>14:49:15
                     </div>
                     <div>
                        <b>Duration: </b>1m
                        3s
                        
                     </div>
                  </div>
               </td>
            </tr>
            <tr>
               <td colspan="4" class="detailsBox">
                  <div id="com.proptiger1.DesktopTestBed_ResponsicePage_Chrome_Linux_byStatus_failed_FAIL2_exception"
                       class="testMethodDetails">
                     <pre style="padding: 5px; margin: 0;">java.lang.AssertionError: Header text is not appearing
                        	at org.testng.Assert.fail(Assert.java:94)
                        	at com.proptiger1.DesktopResponsive_Test.Gallery(DesktopResponsive_Test.java:158)
                        	at com.proptiger1.DesktopTestBed.ResponsicePage_Chrome_Linux(DesktopTestBed.java:42)
                        	at sun.reflect.NativeMethodAccessorImpl.invoke0(Native Method)
                        	at sun.reflect.NativeMethodAccessorImpl.invoke(NativeMethodAccessorImpl.java:57)
                        	at sun.reflect.DelegatingMethodAccessorImpl.invoke(DelegatingMethodAccessorImpl.java:43)
                        	at java.lang.reflect.Method.invoke(Method.java:606)
                        	at org.testng.internal.MethodInvocationHelper.invokeMethod(MethodInvocationHelper.java:84)
                        	at org.testng.internal.Invoker.invokeMethod(Invoker.java:714)
                        	at org.testng.internal.Invoker.invokeTestMethod(Invoker.java:901)
                        	at org.testng.internal.Invoker.invokeTestMethods(Invoker.java:1231)
                        	at org.testng.internal.TestMethodWorker.invokeTestMethods(TestMethodWorker.java:127)
                        	at org.testng.internal.TestMethodWorker.run(TestMethodWorker.java:111)
                        	at org.testng.TestRunner.privateRun(TestRunner.java:767)
                        	at org.testng.TestRunner.run(TestRunner.java:617)
                        	at org.testng.SuiteRunner.runTest(SuiteRunner.java:334)
                        	at org.testng.SuiteRunner.runSequentially(SuiteRunner.java:329)
                        	at org.testng.SuiteRunner.privateRun(SuiteRunner.java:291)
                        	at org.testng.SuiteRunner.run(SuiteRunner.java:240)
                        	at org.testng.SuiteRunnerWorker.runSuite(SuiteRunnerWorker.java:52)
                        	at org.testng.SuiteRunnerWorker.run(SuiteRunnerWorker.java:86)
                        	at org.testng.TestNG.runSuitesSequentially(TestNG.java:1224)
                        	at org.testng.TestNG.runSuitesLocally(TestNG.java:1149)
                        	at org.testng.TestNG.run(TestNG.java:1057)
                        	at org.testng.TestNG.privateMain(TestNG.java:1364)
                        	at org.testng.TestNG.main(TestNG.java:1333)
                     </pre>
                  </div>
               </td>
            </tr>
            <tr id="com.proptiger1.DesktopTestBed_ResponsicePage_FireFox_Windows_byStatus_failed_FAIL3_row"
                class="testMethodStatusFAIL">
               <td width="100%" class="firstMethodCell">
                  <a onclick="toggleDetailsVisibility('com.proptiger1.DesktopTestBed_ResponsicePage_FireFox_Windows_byStatus_failed_FAIL3_details')">ResponsicePage_FireFox_Windows()</a>
               </td>
               <td nowrap="true">14:49:15</td>
               <td nowrap="true" align="right">1m
                  1s
                  
               </td>
               <td nowrap="true">
                  <a onclick="toggleDetailsVisibility('com.proptiger1.DesktopTestBed_ResponsicePage_FireFox_Windows_byStatus_failed_FAIL3_exception')">java.lang.AssertionError: 
                     Header text is not appearing
                     
                  </a>
                   
                  
               </td>
            </tr>
            <tr>
               <td colspan="4" class="detailsBox">
                  <div id="com.proptiger1.DesktopTestBed_ResponsicePage_FireFox_Windows_byStatus_failed_FAIL3_details"
                       class="testMethodDetails">
                     <div>
                        <b>Name: </b>ResponsicePage_FireFox_Windows
                     </div>
                     <div>
                        <b>Signature: </b>ResponsicePage_FireFox_Windows()[pri:0, instance:com.proptiger1.DesktopTestBed@52cc3e77]
                     </div>
                     <div>
                        <b>Start time: </b>14:49:15
                     </div>
                     <div>
                        <b>End time: </b>14:50:16
                     </div>
                     <div>
                        <b>Duration: </b>1m
                        1s
                        
                     </div>
                  </div>
               </td>
            </tr>
            <tr>
               <td colspan="4" class="detailsBox">
                  <div id="com.proptiger1.DesktopTestBed_ResponsicePage_FireFox_Windows_byStatus_failed_FAIL3_exception"
                       class="testMethodDetails">
                     <pre style="padding: 5px; margin: 0;">java.lang.AssertionError: Header text is not appearing
                        	at org.testng.Assert.fail(Assert.java:94)
                        	at com.proptiger1.DesktopResponsive_Test.Gallery(DesktopResponsive_Test.java:158)
                        	at com.proptiger1.DesktopTestBed.ResponsicePage_FireFox_Windows(DesktopTestBed.java:63)
                        	at sun.reflect.NativeMethodAccessorImpl.invoke0(Native Method)
                        	at sun.reflect.NativeMethodAccessorImpl.invoke(NativeMethodAccessorImpl.java:57)
                        	at sun.reflect.DelegatingMethodAccessorImpl.invoke(DelegatingMethodAccessorImpl.java:43)
                        	at java.lang.reflect.Method.invoke(Method.java:606)
                        	at org.testng.internal.MethodInvocationHelper.invokeMethod(MethodInvocationHelper.java:84)
                        	at org.testng.internal.Invoker.invokeMethod(Invoker.java:714)
                        	at org.testng.internal.Invoker.invokeTestMethod(Invoker.java:901)
                        	at org.testng.internal.Invoker.invokeTestMethods(Invoker.java:1231)
                        	at org.testng.internal.TestMethodWorker.invokeTestMethods(TestMethodWorker.java:127)
                        	at org.testng.internal.TestMethodWorker.run(TestMethodWorker.java:111)
                        	at org.testng.TestRunner.privateRun(TestRunner.java:767)
                        	at org.testng.TestRunner.run(TestRunner.java:617)
                        	at org.testng.SuiteRunner.runTest(SuiteRunner.java:334)
                        	at org.testng.SuiteRunner.runSequentially(SuiteRunner.java:329)
                        	at org.testng.SuiteRunner.privateRun(SuiteRunner.java:291)
                        	at org.testng.SuiteRunner.run(SuiteRunner.java:240)
                        	at org.testng.SuiteRunnerWorker.runSuite(SuiteRunnerWorker.java:52)
                        	at org.testng.SuiteRunnerWorker.run(SuiteRunnerWorker.java:86)
                        	at org.testng.TestNG.runSuitesSequentially(TestNG.java:1224)
                        	at org.testng.TestNG.runSuitesLocally(TestNG.java:1149)
                        	at org.testng.TestNG.run(TestNG.java:1057)
                        	at org.testng.TestNG.privateMain(TestNG.java:1364)
                        	at org.testng.TestNG.main(TestNG.java:1333)
                     </pre>
                  </div>
               </td>
            </tr>
            <tr id="com.proptiger1.DesktopTestBed_ResponsicePage_Chrome_Windows_byStatus_failed_FAIL4_row"
                class="testMethodStatusFAIL">
               <td width="100%" class="firstMethodCell">
                  <a onclick="toggleDetailsVisibility('com.proptiger1.DesktopTestBed_ResponsicePage_Chrome_Windows_byStatus_failed_FAIL4_details')">ResponsicePage_Chrome_Windows()</a>
               </td>
               <td nowrap="true">14:50:16</td>
               <td nowrap="true" align="right">1m
                  58s
                  
               </td>
               <td nowrap="true">
                  <a onclick="toggleDetailsVisibility('com.proptiger1.DesktopTestBed_ResponsicePage_Chrome_Windows_byStatus_failed_FAIL4_exception')">java.lang.AssertionError: 
                     Header text is not appearing
                     
                  </a>
                   
                  
               </td>
            </tr>
            <tr>
               <td colspan="4" class="detailsBox">
                  <div id="com.proptiger1.DesktopTestBed_ResponsicePage_Chrome_Windows_byStatus_failed_FAIL4_details"
                       class="testMethodDetails">
                     <div>
                        <b>Name: </b>ResponsicePage_Chrome_Windows
                     </div>
                     <div>
                        <b>Signature: </b>ResponsicePage_Chrome_Windows()[pri:0, instance:com.proptiger1.DesktopTestBed@52cc3e77]
                     </div>
                     <div>
                        <b>Start time: </b>14:50:16
                     </div>
                     <div>
                        <b>End time: </b>14:52:14
                     </div>
                     <div>
                        <b>Duration: </b>1m
                        58s
                        
                     </div>
                  </div>
               </td>
            </tr>
            <tr>
               <td colspan="4" class="detailsBox">
                  <div id="com.proptiger1.DesktopTestBed_ResponsicePage_Chrome_Windows_byStatus_failed_FAIL4_exception"
                       class="testMethodDetails">
                     <pre style="padding: 5px; margin: 0;">java.lang.AssertionError: Header text is not appearing
                        	at org.testng.Assert.fail(Assert.java:94)
                        	at com.proptiger1.DesktopResponsive_Test.Gallery(DesktopResponsive_Test.java:158)
                        	at com.proptiger1.DesktopTestBed.ResponsicePage_Chrome_Windows(DesktopTestBed.java:84)
                        	at sun.reflect.NativeMethodAccessorImpl.invoke0(Native Method)
                        	at sun.reflect.NativeMethodAccessorImpl.invoke(NativeMethodAccessorImpl.java:57)
                        	at sun.reflect.DelegatingMethodAccessorImpl.invoke(DelegatingMethodAccessorImpl.java:43)
                        	at java.lang.reflect.Method.invoke(Method.java:606)
                        	at org.testng.internal.MethodInvocationHelper.invokeMethod(MethodInvocationHelper.java:84)
                        	at org.testng.internal.Invoker.invokeMethod(Invoker.java:714)
                        	at org.testng.internal.Invoker.invokeTestMethod(Invoker.java:901)
                        	at org.testng.internal.Invoker.invokeTestMethods(Invoker.java:1231)
                        	at org.testng.internal.TestMethodWorker.invokeTestMethods(TestMethodWorker.java:127)
                        	at org.testng.internal.TestMethodWorker.run(TestMethodWorker.java:111)
                        	at org.testng.TestRunner.privateRun(TestRunner.java:767)
                        	at org.testng.TestRunner.run(TestRunner.java:617)
                        	at org.testng.SuiteRunner.runTest(SuiteRunner.java:334)
                        	at org.testng.SuiteRunner.runSequentially(SuiteRunner.java:329)
                        	at org.testng.SuiteRunner.privateRun(SuiteRunner.java:291)
                        	at org.testng.SuiteRunner.run(SuiteRunner.java:240)
                        	at org.testng.SuiteRunnerWorker.runSuite(SuiteRunnerWorker.java:52)
                        	at org.testng.SuiteRunnerWorker.run(SuiteRunnerWorker.java:86)
                        	at org.testng.TestNG.runSuitesSequentially(TestNG.java:1224)
                        	at org.testng.TestNG.runSuitesLocally(TestNG.java:1149)
                        	at org.testng.TestNG.run(TestNG.java:1057)
                        	at org.testng.TestNG.privateMain(TestNG.java:1364)
                        	at org.testng.TestNG.main(TestNG.java:1333)
                     </pre>
                  </div>
               </td>
            </tr>
            <tr id="com.proptiger1.DesktopTestBed_ResponsicePage_Chrome_Mac_byStatus_failed_FAIL5_row"
                class="testMethodStatusFAIL">
               <td width="100%" class="firstMethodCell">
                  <a onclick="toggleDetailsVisibility('com.proptiger1.DesktopTestBed_ResponsicePage_Chrome_Mac_byStatus_failed_FAIL5_details')">ResponsicePage_Chrome_Mac()</a>
               </td>
               <td nowrap="true">14:52:14</td>
               <td nowrap="true" align="right">1m
                  8s
                  
               </td>
               <td nowrap="true">
                  <a onclick="toggleDetailsVisibility('com.proptiger1.DesktopTestBed_ResponsicePage_Chrome_Mac_byStatus_failed_FAIL5_exception')">java.lang.AssertionError: 
                     Header text is not appearing
                     
                  </a>
                   
                  
               </td>
            </tr>
            <tr>
               <td colspan="4" class="detailsBox">
                  <div id="com.proptiger1.DesktopTestBed_ResponsicePage_Chrome_Mac_byStatus_failed_FAIL5_details"
                       class="testMethodDetails">
                     <div>
                        <b>Name: </b>ResponsicePage_Chrome_Mac
                     </div>
                     <div>
                        <b>Signature: </b>ResponsicePage_Chrome_Mac()[pri:0, instance:com.proptiger1.DesktopTestBed@52cc3e77]
                     </div>
                     <div>
                        <b>Start time: </b>14:52:14
                     </div>
                     <div>
                        <b>End time: </b>14:53:23
                     </div>
                     <div>
                        <b>Duration: </b>1m
                        8s
                        
                     </div>
                  </div>
               </td>
            </tr>
            <tr>
               <td colspan="4" class="detailsBox">
                  <div id="com.proptiger1.DesktopTestBed_ResponsicePage_Chrome_Mac_byStatus_failed_FAIL5_exception"
                       class="testMethodDetails">
                     <pre style="padding: 5px; margin: 0;">java.lang.AssertionError: Header text is not appearing
                        	at org.testng.Assert.fail(Assert.java:94)
                        	at com.proptiger1.DesktopResponsive_Test.Gallery(DesktopResponsive_Test.java:158)
                        	at com.proptiger1.DesktopTestBed.ResponsicePage_Chrome_Mac(DesktopTestBed.java:105)
                        	at sun.reflect.NativeMethodAccessorImpl.invoke0(Native Method)
                        	at sun.reflect.NativeMethodAccessorImpl.invoke(NativeMethodAccessorImpl.java:57)
                        	at sun.reflect.DelegatingMethodAccessorImpl.invoke(DelegatingMethodAccessorImpl.java:43)
                        	at java.lang.reflect.Method.invoke(Method.java:606)
                        	at org.testng.internal.MethodInvocationHelper.invokeMethod(MethodInvocationHelper.java:84)
                        	at org.testng.internal.Invoker.invokeMethod(Invoker.java:714)
                        	at org.testng.internal.Invoker.invokeTestMethod(Invoker.java:901)
                        	at org.testng.internal.Invoker.invokeTestMethods(Invoker.java:1231)
                        	at org.testng.internal.TestMethodWorker.invokeTestMethods(TestMethodWorker.java:127)
                        	at org.testng.internal.TestMethodWorker.run(TestMethodWorker.java:111)
                        	at org.testng.TestRunner.privateRun(TestRunner.java:767)
                        	at org.testng.TestRunner.run(TestRunner.java:617)
                        	at org.testng.SuiteRunner.runTest(SuiteRunner.java:334)
                        	at org.testng.SuiteRunner.runSequentially(SuiteRunner.java:329)
                        	at org.testng.SuiteRunner.privateRun(SuiteRunner.java:291)
                        	at org.testng.SuiteRunner.run(SuiteRunner.java:240)
                        	at org.testng.SuiteRunnerWorker.runSuite(SuiteRunnerWorker.java:52)
                        	at org.testng.SuiteRunnerWorker.run(SuiteRunnerWorker.java:86)
                        	at org.testng.TestNG.runSuitesSequentially(TestNG.java:1224)
                        	at org.testng.TestNG.runSuitesLocally(TestNG.java:1149)
                        	at org.testng.TestNG.run(TestNG.java:1057)
                        	at org.testng.TestNG.privateMain(TestNG.java:1364)
                        	at org.testng.TestNG.main(TestNG.java:1333)
                     </pre>
                  </div>
               </td>
            </tr>
            <tr id="com.proptiger1.DesktopTestBed_ResponsicePage_FireFox_Linux_byStatus_failed_FAIL6_row"
                class="testMethodStatusFAIL">
               <td width="100%" class="firstMethodCell">
                  <a onclick="toggleDetailsVisibility('com.proptiger1.DesktopTestBed_ResponsicePage_FireFox_Linux_byStatus_failed_FAIL6_details')">ResponsicePage_FireFox_Linux()</a>
               </td>
               <td nowrap="true">14:53:23</td>
               <td nowrap="true" align="right">1m
                  19s
                  
               </td>
               <td nowrap="true">
                  <a onclick="toggleDetailsVisibility('com.proptiger1.DesktopTestBed_ResponsicePage_FireFox_Linux_byStatus_failed_FAIL6_exception')">java.lang.AssertionError: 
                     Header text is not appearing
                     
                  </a>
                   
                  
               </td>
            </tr>
            <tr>
               <td colspan="4" class="detailsBox">
                  <div id="com.proptiger1.DesktopTestBed_ResponsicePage_FireFox_Linux_byStatus_failed_FAIL6_details"
                       class="testMethodDetails">
                     <div>
                        <b>Name: </b>ResponsicePage_FireFox_Linux
                     </div>
                     <div>
                        <b>Signature: </b>ResponsicePage_FireFox_Linux()[pri:0, instance:com.proptiger1.DesktopTestBed@52cc3e77]
                     </div>
                     <div>
                        <b>Start time: </b>14:53:23
                     </div>
                     <div>
                        <b>End time: </b>14:54:43
                     </div>
                     <div>
                        <b>Duration: </b>1m
                        19s
                        
                     </div>
                  </div>
               </td>
            </tr>
            <tr>
               <td colspan="4" class="detailsBox">
                  <div id="com.proptiger1.DesktopTestBed_ResponsicePage_FireFox_Linux_byStatus_failed_FAIL6_exception"
                       class="testMethodDetails">
                     <pre style="padding: 5px; margin: 0;">java.lang.AssertionError: Header text is not appearing
                        	at org.testng.Assert.fail(Assert.java:94)
                        	at com.proptiger1.DesktopResponsive_Test.Gallery(DesktopResponsive_Test.java:158)
                        	at com.proptiger1.DesktopTestBed.ResponsicePage_FireFox_Linux(DesktopTestBed.java:21)
                        	at sun.reflect.NativeMethodAccessorImpl.invoke0(Native Method)
                        	at sun.reflect.NativeMethodAccessorImpl.invoke(NativeMethodAccessorImpl.java:57)
                        	at sun.reflect.DelegatingMethodAccessorImpl.invoke(DelegatingMethodAccessorImpl.java:43)
                        	at java.lang.reflect.Method.invoke(Method.java:606)
                        	at org.testng.internal.MethodInvocationHelper.invokeMethod(MethodInvocationHelper.java:84)
                        	at org.testng.internal.Invoker.invokeMethod(Invoker.java:714)
                        	at org.testng.internal.Invoker.invokeTestMethod(Invoker.java:901)
                        	at org.testng.internal.Invoker.invokeTestMethods(Invoker.java:1231)
                        	at org.testng.internal.TestMethodWorker.invokeTestMethods(TestMethodWorker.java:127)
                        	at org.testng.internal.TestMethodWorker.run(TestMethodWorker.java:111)
                        	at org.testng.TestRunner.privateRun(TestRunner.java:767)
                        	at org.testng.TestRunner.run(TestRunner.java:617)
                        	at org.testng.SuiteRunner.runTest(SuiteRunner.java:334)
                        	at org.testng.SuiteRunner.runSequentially(SuiteRunner.java:329)
                        	at org.testng.SuiteRunner.privateRun(SuiteRunner.java:291)
                        	at org.testng.SuiteRunner.run(SuiteRunner.java:240)
                        	at org.testng.SuiteRunnerWorker.runSuite(SuiteRunnerWorker.java:52)
                        	at org.testng.SuiteRunnerWorker.run(SuiteRunnerWorker.java:86)
                        	at org.testng.TestNG.runSuitesSequentially(TestNG.java:1224)
                        	at org.testng.TestNG.runSuitesLocally(TestNG.java:1149)
                        	at org.testng.TestNG.run(TestNG.java:1057)
                        	at org.testng.TestNG.privateMain(TestNG.java:1364)
                        	at org.testng.TestNG.main(TestNG.java:1333)
                     </pre>
                  </div>
               </td>
            </tr>
            <tr id="com.proptiger1.DesktopTestBed_teardown_byStatus_passed_PASS1_row"
                class="testMethodStatusPASS testMethodStatusCONF">
               <td width="100%" class="firstMethodCell">
                  <a onclick="toggleDetailsVisibility('com.proptiger1.DesktopTestBed_teardown_byStatus_passed_PASS1_details')">teardown()</a>
               </td>
               <td nowrap="true">14:54:43</td>
               <td nowrap="true" align="right">0 ms
                  
               </td>
               <td nowrap="true">
                   
                  
               </td>
            </tr>
            <tr>
               <td colspan="4" class="detailsBox">
                  <div id="com.proptiger1.DesktopTestBed_teardown_byStatus_passed_PASS1_details"
                       class="testMethodDetails">
                     <div>
                        <b>Name: </b>teardown
                     </div>
                     <div>
                        <b>Signature: </b>teardown()[pri:0, instance:com.proptiger1.DesktopTestBed@52cc3e77]
                     </div>
                     <div>
                        <b>Start time: </b>14:54:43
                     </div>
                     <div>
                        <b>End time: </b>14:54:43
                     </div>
                     <div>
                        <b>Duration: </b>0 ms
                        
                     </div>
                  </div>
               </td>
            </tr>
            <tr></tr>
         </table>
      </div>
      <div id="testMethodsByClass">
         <table class="testMethodsTable" cellpadding="0" cellspacing="0">
            <tr>
               <td colspan="4">
                  <h3 style="display: inline;">com.proptiger1.DesktopTestBed</h3>
               </td>
            </tr>
            <tr class="methodsTableHeader">
               <td width="100%">Name</td>
               <td nowrap="true">Started</td>
               <td nowrap="true">Duration</td>
               <td>Exception</td>
            </tr>
            <tr id="com.proptiger1.DesktopTestBed_ResponsicePage_Safari_Mac_byClass_FAIL1_row"
                class="testMethodStatusFAIL">
               <td width="100%" class="firstMethodCell">
                  <a onclick="toggleDetailsVisibility('com.proptiger1.DesktopTestBed_ResponsicePage_Safari_Mac_byClass_FAIL1_details')">ResponsicePage_Safari_Mac()</a>
               </td>
               <td nowrap="true">14:47:13</td>
               <td nowrap="true" align="right">58s
                  
               </td>
               <td nowrap="true">
                  <a onclick="toggleDetailsVisibility('com.proptiger1.DesktopTestBed_ResponsicePage_Safari_Mac_byClass_FAIL1_exception')">java.lang.AssertionError: 
                     Header text is not appearing
                     
                  </a>
                   
                  
               </td>
            </tr>
            <tr>
               <td colspan="4" class="detailsBox">
                  <div id="com.proptiger1.DesktopTestBed_ResponsicePage_Safari_Mac_byClass_FAIL1_details"
                       class="testMethodDetails">
                     <div>
                        <b>Name: </b>ResponsicePage_Safari_Mac
                     </div>
                     <div>
                        <b>Signature: </b>ResponsicePage_Safari_Mac()[pri:0, instance:com.proptiger1.DesktopTestBed@52cc3e77]
                     </div>
                     <div>
                        <b>Start time: </b>14:47:13
                     </div>
                     <div>
                        <b>End time: </b>14:48:11
                     </div>
                     <div>
                        <b>Duration: </b>58s
                        
                     </div>
                  </div>
               </td>
            </tr>
            <tr>
               <td colspan="4" class="detailsBox">
                  <div id="com.proptiger1.DesktopTestBed_ResponsicePage_Safari_Mac_byClass_FAIL1_exception"
                       class="testMethodDetails">
                     <pre style="padding: 5px; margin: 0;">java.lang.AssertionError: Header text is not appearing
                        	at org.testng.Assert.fail(Assert.java:94)
                        	at com.proptiger1.DesktopResponsive_Test.Gallery(DesktopResponsive_Test.java:158)
                        	at com.proptiger1.DesktopTestBed.ResponsicePage_Safari_Mac(DesktopTestBed.java:127)
                        	at sun.reflect.NativeMethodAccessorImpl.invoke0(Native Method)
                        	at sun.reflect.NativeMethodAccessorImpl.invoke(NativeMethodAccessorImpl.java:57)
                        	at sun.reflect.DelegatingMethodAccessorImpl.invoke(DelegatingMethodAccessorImpl.java:43)
                        	at java.lang.reflect.Method.invoke(Method.java:606)
                        	at org.testng.internal.MethodInvocationHelper.invokeMethod(MethodInvocationHelper.java:84)
                        	at org.testng.internal.Invoker.invokeMethod(Invoker.java:714)
                        	at org.testng.internal.Invoker.invokeTestMethod(Invoker.java:901)
                        	at org.testng.internal.Invoker.invokeTestMethods(Invoker.java:1231)
                        	at org.testng.internal.TestMethodWorker.invokeTestMethods(TestMethodWorker.java:127)
                        	at org.testng.internal.TestMethodWorker.run(TestMethodWorker.java:111)
                        	at org.testng.TestRunner.privateRun(TestRunner.java:767)
                        	at org.testng.TestRunner.run(TestRunner.java:617)
                        	at org.testng.SuiteRunner.runTest(SuiteRunner.java:334)
                        	at org.testng.SuiteRunner.runSequentially(SuiteRunner.java:329)
                        	at org.testng.SuiteRunner.privateRun(SuiteRunner.java:291)
                        	at org.testng.SuiteRunner.run(SuiteRunner.java:240)
                        	at org.testng.SuiteRunnerWorker.runSuite(SuiteRunnerWorker.java:52)
                        	at org.testng.SuiteRunnerWorker.run(SuiteRunnerWorker.java:86)
                        	at org.testng.TestNG.runSuitesSequentially(TestNG.java:1224)
                        	at org.testng.TestNG.runSuitesLocally(TestNG.java:1149)
                        	at org.testng.TestNG.run(TestNG.java:1057)
                        	at org.testng.TestNG.privateMain(TestNG.java:1364)
                        	at org.testng.TestNG.main(TestNG.java:1333)
                     </pre>
                  </div>
               </td>
            </tr>
            <tr id="com.proptiger1.DesktopTestBed_ResponsicePage_Chrome_Linux_byClass_FAIL2_row"
                class="testMethodStatusFAIL">
               <td width="100%" class="firstMethodCell">
                  <a onclick="toggleDetailsVisibility('com.proptiger1.DesktopTestBed_ResponsicePage_Chrome_Linux_byClass_FAIL2_details')">ResponsicePage_Chrome_Linux()</a>
               </td>
               <td nowrap="true">14:48:11</td>
               <td nowrap="true" align="right">1m
                  3s
                  
               </td>
               <td nowrap="true">
                  <a onclick="toggleDetailsVisibility('com.proptiger1.DesktopTestBed_ResponsicePage_Chrome_Linux_byClass_FAIL2_exception')">java.lang.AssertionError: 
                     Header text is not appearing
                     
                  </a>
                   
                  
               </td>
            </tr>
            <tr>
               <td colspan="4" class="detailsBox">
                  <div id="com.proptiger1.DesktopTestBed_ResponsicePage_Chrome_Linux_byClass_FAIL2_details"
                       class="testMethodDetails">
                     <div>
                        <b>Name: </b>ResponsicePage_Chrome_Linux
                     </div>
                     <div>
                        <b>Signature: </b>ResponsicePage_Chrome_Linux()[pri:0, instance:com.proptiger1.DesktopTestBed@52cc3e77]
                     </div>
                     <div>
                        <b>Start time: </b>14:48:11
                     </div>
                     <div>
                        <b>End time: </b>14:49:15
                     </div>
                     <div>
                        <b>Duration: </b>1m
                        3s
                        
                     </div>
                  </div>
               </td>
            </tr>
            <tr>
               <td colspan="4" class="detailsBox">
                  <div id="com.proptiger1.DesktopTestBed_ResponsicePage_Chrome_Linux_byClass_FAIL2_exception"
                       class="testMethodDetails">
                     <pre style="padding: 5px; margin: 0;">java.lang.AssertionError: Header text is not appearing
                        	at org.testng.Assert.fail(Assert.java:94)
                        	at com.proptiger1.DesktopResponsive_Test.Gallery(DesktopResponsive_Test.java:158)
                        	at com.proptiger1.DesktopTestBed.ResponsicePage_Chrome_Linux(DesktopTestBed.java:42)
                        	at sun.reflect.NativeMethodAccessorImpl.invoke0(Native Method)
                        	at sun.reflect.NativeMethodAccessorImpl.invoke(NativeMethodAccessorImpl.java:57)
                        	at sun.reflect.DelegatingMethodAccessorImpl.invoke(DelegatingMethodAccessorImpl.java:43)
                        	at java.lang.reflect.Method.invoke(Method.java:606)
                        	at org.testng.internal.MethodInvocationHelper.invokeMethod(MethodInvocationHelper.java:84)
                        	at org.testng.internal.Invoker.invokeMethod(Invoker.java:714)
                        	at org.testng.internal.Invoker.invokeTestMethod(Invoker.java:901)
                        	at org.testng.internal.Invoker.invokeTestMethods(Invoker.java:1231)
                        	at org.testng.internal.TestMethodWorker.invokeTestMethods(TestMethodWorker.java:127)
                        	at org.testng.internal.TestMethodWorker.run(TestMethodWorker.java:111)
                        	at org.testng.TestRunner.privateRun(TestRunner.java:767)
                        	at org.testng.TestRunner.run(TestRunner.java:617)
                        	at org.testng.SuiteRunner.runTest(SuiteRunner.java:334)
                        	at org.testng.SuiteRunner.runSequentially(SuiteRunner.java:329)
                        	at org.testng.SuiteRunner.privateRun(SuiteRunner.java:291)
                        	at org.testng.SuiteRunner.run(SuiteRunner.java:240)
                        	at org.testng.SuiteRunnerWorker.runSuite(SuiteRunnerWorker.java:52)
                        	at org.testng.SuiteRunnerWorker.run(SuiteRunnerWorker.java:86)
                        	at org.testng.TestNG.runSuitesSequentially(TestNG.java:1224)
                        	at org.testng.TestNG.runSuitesLocally(TestNG.java:1149)
                        	at org.testng.TestNG.run(TestNG.java:1057)
                        	at org.testng.TestNG.privateMain(TestNG.java:1364)
                        	at org.testng.TestNG.main(TestNG.java:1333)
                     </pre>
                  </div>
               </td>
            </tr>
            <tr id="com.proptiger1.DesktopTestBed_ResponsicePage_FireFox_Windows_byClass_FAIL3_row"
                class="testMethodStatusFAIL">
               <td width="100%" class="firstMethodCell">
                  <a onclick="toggleDetailsVisibility('com.proptiger1.DesktopTestBed_ResponsicePage_FireFox_Windows_byClass_FAIL3_details')">ResponsicePage_FireFox_Windows()</a>
               </td>
               <td nowrap="true">14:49:15</td>
               <td nowrap="true" align="right">1m
                  1s
                  
               </td>
               <td nowrap="true">
                  <a onclick="toggleDetailsVisibility('com.proptiger1.DesktopTestBed_ResponsicePage_FireFox_Windows_byClass_FAIL3_exception')">java.lang.AssertionError: 
                     Header text is not appearing
                     
                  </a>
                   
                  
               </td>
            </tr>
            <tr>
               <td colspan="4" class="detailsBox">
                  <div id="com.proptiger1.DesktopTestBed_ResponsicePage_FireFox_Windows_byClass_FAIL3_details"
                       class="testMethodDetails">
                     <div>
                        <b>Name: </b>ResponsicePage_FireFox_Windows
                     </div>
                     <div>
                        <b>Signature: </b>ResponsicePage_FireFox_Windows()[pri:0, instance:com.proptiger1.DesktopTestBed@52cc3e77]
                     </div>
                     <div>
                        <b>Start time: </b>14:49:15
                     </div>
                     <div>
                        <b>End time: </b>14:50:16
                     </div>
                     <div>
                        <b>Duration: </b>1m
                        1s
                        
                     </div>
                  </div>
               </td>
            </tr>
            <tr>
               <td colspan="4" class="detailsBox">
                  <div id="com.proptiger1.DesktopTestBed_ResponsicePage_FireFox_Windows_byClass_FAIL3_exception"
                       class="testMethodDetails">
                     <pre style="padding: 5px; margin: 0;">java.lang.AssertionError: Header text is not appearing
                        	at org.testng.Assert.fail(Assert.java:94)
                        	at com.proptiger1.DesktopResponsive_Test.Gallery(DesktopResponsive_Test.java:158)
                        	at com.proptiger1.DesktopTestBed.ResponsicePage_FireFox_Windows(DesktopTestBed.java:63)
                        	at sun.reflect.NativeMethodAccessorImpl.invoke0(Native Method)
                        	at sun.reflect.NativeMethodAccessorImpl.invoke(NativeMethodAccessorImpl.java:57)
                        	at sun.reflect.DelegatingMethodAccessorImpl.invoke(DelegatingMethodAccessorImpl.java:43)
                        	at java.lang.reflect.Method.invoke(Method.java:606)
                        	at org.testng.internal.MethodInvocationHelper.invokeMethod(MethodInvocationHelper.java:84)
                        	at org.testng.internal.Invoker.invokeMethod(Invoker.java:714)
                        	at org.testng.internal.Invoker.invokeTestMethod(Invoker.java:901)
                        	at org.testng.internal.Invoker.invokeTestMethods(Invoker.java:1231)
                        	at org.testng.internal.TestMethodWorker.invokeTestMethods(TestMethodWorker.java:127)
                        	at org.testng.internal.TestMethodWorker.run(TestMethodWorker.java:111)
                        	at org.testng.TestRunner.privateRun(TestRunner.java:767)
                        	at org.testng.TestRunner.run(TestRunner.java:617)
                        	at org.testng.SuiteRunner.runTest(SuiteRunner.java:334)
                        	at org.testng.SuiteRunner.runSequentially(SuiteRunner.java:329)
                        	at org.testng.SuiteRunner.privateRun(SuiteRunner.java:291)
                        	at org.testng.SuiteRunner.run(SuiteRunner.java:240)
                        	at org.testng.SuiteRunnerWorker.runSuite(SuiteRunnerWorker.java:52)
                        	at org.testng.SuiteRunnerWorker.run(SuiteRunnerWorker.java:86)
                        	at org.testng.TestNG.runSuitesSequentially(TestNG.java:1224)
                        	at org.testng.TestNG.runSuitesLocally(TestNG.java:1149)
                        	at org.testng.TestNG.run(TestNG.java:1057)
                        	at org.testng.TestNG.privateMain(TestNG.java:1364)
                        	at org.testng.TestNG.main(TestNG.java:1333)
                     </pre>
                  </div>
               </td>
            </tr>
            <tr id="com.proptiger1.DesktopTestBed_ResponsicePage_Chrome_Windows_byClass_FAIL4_row"
                class="testMethodStatusFAIL">
               <td width="100%" class="firstMethodCell">
                  <a onclick="toggleDetailsVisibility('com.proptiger1.DesktopTestBed_ResponsicePage_Chrome_Windows_byClass_FAIL4_details')">ResponsicePage_Chrome_Windows()</a>
               </td>
               <td nowrap="true">14:50:16</td>
               <td nowrap="true" align="right">1m
                  58s
                  
               </td>
               <td nowrap="true">
                  <a onclick="toggleDetailsVisibility('com.proptiger1.DesktopTestBed_ResponsicePage_Chrome_Windows_byClass_FAIL4_exception')">java.lang.AssertionError: 
                     Header text is not appearing
                     
                  </a>
                   
                  
               </td>
            </tr>
            <tr>
               <td colspan="4" class="detailsBox">
                  <div id="com.proptiger1.DesktopTestBed_ResponsicePage_Chrome_Windows_byClass_FAIL4_details"
                       class="testMethodDetails">
                     <div>
                        <b>Name: </b>ResponsicePage_Chrome_Windows
                     </div>
                     <div>
                        <b>Signature: </b>ResponsicePage_Chrome_Windows()[pri:0, instance:com.proptiger1.DesktopTestBed@52cc3e77]
                     </div>
                     <div>
                        <b>Start time: </b>14:50:16
                     </div>
                     <div>
                        <b>End time: </b>14:52:14
                     </div>
                     <div>
                        <b>Duration: </b>1m
                        58s
                        
                     </div>
                  </div>
               </td>
            </tr>
            <tr>
               <td colspan="4" class="detailsBox">
                  <div id="com.proptiger1.DesktopTestBed_ResponsicePage_Chrome_Windows_byClass_FAIL4_exception"
                       class="testMethodDetails">
                     <pre style="padding: 5px; margin: 0;">java.lang.AssertionError: Header text is not appearing
                        	at org.testng.Assert.fail(Assert.java:94)
                        	at com.proptiger1.DesktopResponsive_Test.Gallery(DesktopResponsive_Test.java:158)
                        	at com.proptiger1.DesktopTestBed.ResponsicePage_Chrome_Windows(DesktopTestBed.java:84)
                        	at sun.reflect.NativeMethodAccessorImpl.invoke0(Native Method)
                        	at sun.reflect.NativeMethodAccessorImpl.invoke(NativeMethodAccessorImpl.java:57)
                        	at sun.reflect.DelegatingMethodAccessorImpl.invoke(DelegatingMethodAccessorImpl.java:43)
                        	at java.lang.reflect.Method.invoke(Method.java:606)
                        	at org.testng.internal.MethodInvocationHelper.invokeMethod(MethodInvocationHelper.java:84)
                        	at org.testng.internal.Invoker.invokeMethod(Invoker.java:714)
                        	at org.testng.internal.Invoker.invokeTestMethod(Invoker.java:901)
                        	at org.testng.internal.Invoker.invokeTestMethods(Invoker.java:1231)
                        	at org.testng.internal.TestMethodWorker.invokeTestMethods(TestMethodWorker.java:127)
                        	at org.testng.internal.TestMethodWorker.run(TestMethodWorker.java:111)
                        	at org.testng.TestRunner.privateRun(TestRunner.java:767)
                        	at org.testng.TestRunner.run(TestRunner.java:617)
                        	at org.testng.SuiteRunner.runTest(SuiteRunner.java:334)
                        	at org.testng.SuiteRunner.runSequentially(SuiteRunner.java:329)
                        	at org.testng.SuiteRunner.privateRun(SuiteRunner.java:291)
                        	at org.testng.SuiteRunner.run(SuiteRunner.java:240)
                        	at org.testng.SuiteRunnerWorker.runSuite(SuiteRunnerWorker.java:52)
                        	at org.testng.SuiteRunnerWorker.run(SuiteRunnerWorker.java:86)
                        	at org.testng.TestNG.runSuitesSequentially(TestNG.java:1224)
                        	at org.testng.TestNG.runSuitesLocally(TestNG.java:1149)
                        	at org.testng.TestNG.run(TestNG.java:1057)
                        	at org.testng.TestNG.privateMain(TestNG.java:1364)
                        	at org.testng.TestNG.main(TestNG.java:1333)
                     </pre>
                  </div>
               </td>
            </tr>
            <tr id="com.proptiger1.DesktopTestBed_ResponsicePage_Chrome_Mac_byClass_FAIL5_row"
                class="testMethodStatusFAIL">
               <td width="100%" class="firstMethodCell">
                  <a onclick="toggleDetailsVisibility('com.proptiger1.DesktopTestBed_ResponsicePage_Chrome_Mac_byClass_FAIL5_details')">ResponsicePage_Chrome_Mac()</a>
               </td>
               <td nowrap="true">14:52:14</td>
               <td nowrap="true" align="right">1m
                  8s
                  
               </td>
               <td nowrap="true">
                  <a onclick="toggleDetailsVisibility('com.proptiger1.DesktopTestBed_ResponsicePage_Chrome_Mac_byClass_FAIL5_exception')">java.lang.AssertionError: 
                     Header text is not appearing
                     
                  </a>
                   
                  
               </td>
            </tr>
            <tr>
               <td colspan="4" class="detailsBox">
                  <div id="com.proptiger1.DesktopTestBed_ResponsicePage_Chrome_Mac_byClass_FAIL5_details"
                       class="testMethodDetails">
                     <div>
                        <b>Name: </b>ResponsicePage_Chrome_Mac
                     </div>
                     <div>
                        <b>Signature: </b>ResponsicePage_Chrome_Mac()[pri:0, instance:com.proptiger1.DesktopTestBed@52cc3e77]
                     </div>
                     <div>
                        <b>Start time: </b>14:52:14
                     </div>
                     <div>
                        <b>End time: </b>14:53:23
                     </div>
                     <div>
                        <b>Duration: </b>1m
                        8s
                        
                     </div>
                  </div>
               </td>
            </tr>
            <tr>
               <td colspan="4" class="detailsBox">
                  <div id="com.proptiger1.DesktopTestBed_ResponsicePage_Chrome_Mac_byClass_FAIL5_exception"
                       class="testMethodDetails">
                     <pre style="padding: 5px; margin: 0;">java.lang.AssertionError: Header text is not appearing
                        	at org.testng.Assert.fail(Assert.java:94)
                        	at com.proptiger1.DesktopResponsive_Test.Gallery(DesktopResponsive_Test.java:158)
                        	at com.proptiger1.DesktopTestBed.ResponsicePage_Chrome_Mac(DesktopTestBed.java:105)
                        	at sun.reflect.NativeMethodAccessorImpl.invoke0(Native Method)
                        	at sun.reflect.NativeMethodAccessorImpl.invoke(NativeMethodAccessorImpl.java:57)
                        	at sun.reflect.DelegatingMethodAccessorImpl.invoke(DelegatingMethodAccessorImpl.java:43)
                        	at java.lang.reflect.Method.invoke(Method.java:606)
                        	at org.testng.internal.MethodInvocationHelper.invokeMethod(MethodInvocationHelper.java:84)
                        	at org.testng.internal.Invoker.invokeMethod(Invoker.java:714)
                        	at org.testng.internal.Invoker.invokeTestMethod(Invoker.java:901)
                        	at org.testng.internal.Invoker.invokeTestMethods(Invoker.java:1231)
                        	at org.testng.internal.TestMethodWorker.invokeTestMethods(TestMethodWorker.java:127)
                        	at org.testng.internal.TestMethodWorker.run(TestMethodWorker.java:111)
                        	at org.testng.TestRunner.privateRun(TestRunner.java:767)
                        	at org.testng.TestRunner.run(TestRunner.java:617)
                        	at org.testng.SuiteRunner.runTest(SuiteRunner.java:334)
                        	at org.testng.SuiteRunner.runSequentially(SuiteRunner.java:329)
                        	at org.testng.SuiteRunner.privateRun(SuiteRunner.java:291)
                        	at org.testng.SuiteRunner.run(SuiteRunner.java:240)
                        	at org.testng.SuiteRunnerWorker.runSuite(SuiteRunnerWorker.java:52)
                        	at org.testng.SuiteRunnerWorker.run(SuiteRunnerWorker.java:86)
                        	at org.testng.TestNG.runSuitesSequentially(TestNG.java:1224)
                        	at org.testng.TestNG.runSuitesLocally(TestNG.java:1149)
                        	at org.testng.TestNG.run(TestNG.java:1057)
                        	at org.testng.TestNG.privateMain(TestNG.java:1364)
                        	at org.testng.TestNG.main(TestNG.java:1333)
                     </pre>
                  </div>
               </td>
            </tr>
            <tr id="com.proptiger1.DesktopTestBed_ResponsicePage_FireFox_Linux_byClass_FAIL6_row"
                class="testMethodStatusFAIL">
               <td width="100%" class="firstMethodCell">
                  <a onclick="toggleDetailsVisibility('com.proptiger1.DesktopTestBed_ResponsicePage_FireFox_Linux_byClass_FAIL6_details')">ResponsicePage_FireFox_Linux()</a>
               </td>
               <td nowrap="true">14:53:23</td>
               <td nowrap="true" align="right">1m
                  19s
                  
               </td>
               <td nowrap="true">
                  <a onclick="toggleDetailsVisibility('com.proptiger1.DesktopTestBed_ResponsicePage_FireFox_Linux_byClass_FAIL6_exception')">java.lang.AssertionError: 
                     Header text is not appearing
                     
                  </a>
                   
                  
               </td>
            </tr>
            <tr>
               <td colspan="4" class="detailsBox">
                  <div id="com.proptiger1.DesktopTestBed_ResponsicePage_FireFox_Linux_byClass_FAIL6_details"
                       class="testMethodDetails">
                     <div>
                        <b>Name: </b>ResponsicePage_FireFox_Linux
                     </div>
                     <div>
                        <b>Signature: </b>ResponsicePage_FireFox_Linux()[pri:0, instance:com.proptiger1.DesktopTestBed@52cc3e77]
                     </div>
                     <div>
                        <b>Start time: </b>14:53:23
                     </div>
                     <div>
                        <b>End time: </b>14:54:43
                     </div>
                     <div>
                        <b>Duration: </b>1m
                        19s
                        
                     </div>
                  </div>
               </td>
            </tr>
            <tr>
               <td colspan="4" class="detailsBox">
                  <div id="com.proptiger1.DesktopTestBed_ResponsicePage_FireFox_Linux_byClass_FAIL6_exception"
                       class="testMethodDetails">
                     <pre style="padding: 5px; margin: 0;">java.lang.AssertionError: Header text is not appearing
                        	at org.testng.Assert.fail(Assert.java:94)
                        	at com.proptiger1.DesktopResponsive_Test.Gallery(DesktopResponsive_Test.java:158)
                        	at com.proptiger1.DesktopTestBed.ResponsicePage_FireFox_Linux(DesktopTestBed.java:21)
                        	at sun.reflect.NativeMethodAccessorImpl.invoke0(Native Method)
                        	at sun.reflect.NativeMethodAccessorImpl.invoke(NativeMethodAccessorImpl.java:57)
                        	at sun.reflect.DelegatingMethodAccessorImpl.invoke(DelegatingMethodAccessorImpl.java:43)
                        	at java.lang.reflect.Method.invoke(Method.java:606)
                        	at org.testng.internal.MethodInvocationHelper.invokeMethod(MethodInvocationHelper.java:84)
                        	at org.testng.internal.Invoker.invokeMethod(Invoker.java:714)
                        	at org.testng.internal.Invoker.invokeTestMethod(Invoker.java:901)
                        	at org.testng.internal.Invoker.invokeTestMethods(Invoker.java:1231)
                        	at org.testng.internal.TestMethodWorker.invokeTestMethods(TestMethodWorker.java:127)
                        	at org.testng.internal.TestMethodWorker.run(TestMethodWorker.java:111)
                        	at org.testng.TestRunner.privateRun(TestRunner.java:767)
                        	at org.testng.TestRunner.run(TestRunner.java:617)
                        	at org.testng.SuiteRunner.runTest(SuiteRunner.java:334)
                        	at org.testng.SuiteRunner.runSequentially(SuiteRunner.java:329)
                        	at org.testng.SuiteRunner.privateRun(SuiteRunner.java:291)
                        	at org.testng.SuiteRunner.run(SuiteRunner.java:240)
                        	at org.testng.SuiteRunnerWorker.runSuite(SuiteRunnerWorker.java:52)
                        	at org.testng.SuiteRunnerWorker.run(SuiteRunnerWorker.java:86)
                        	at org.testng.TestNG.runSuitesSequentially(TestNG.java:1224)
                        	at org.testng.TestNG.runSuitesLocally(TestNG.java:1149)
                        	at org.testng.TestNG.run(TestNG.java:1057)
                        	at org.testng.TestNG.privateMain(TestNG.java:1364)
                        	at org.testng.TestNG.main(TestNG.java:1333)
                     </pre>
                  </div>
               </td>
            </tr>
            <tr id="com.proptiger1.DesktopTestBed_teardown_byClass_PASS7_row"
                class="testMethodStatusPASS testMethodStatusCONF">
               <td width="100%" class="firstMethodCell">
                  <a onclick="toggleDetailsVisibility('com.proptiger1.DesktopTestBed_teardown_byClass_PASS7_details')">teardown()</a>
               </td>
               <td nowrap="true">14:54:43</td>
               <td nowrap="true" align="right">0 ms
                  
               </td>
               <td nowrap="true">
                   
                  
               </td>
            </tr>
            <tr>
               <td colspan="4" class="detailsBox">
                  <div id="com.proptiger1.DesktopTestBed_teardown_byClass_PASS7_details"
                       class="testMethodDetails">
                     <div>
                        <b>Name: </b>teardown
                     </div>
                     <div>
                        <b>Signature: </b>teardown()[pri:0, instance:com.proptiger1.DesktopTestBed@52cc3e77]
                     </div>
                     <div>
                        <b>Start time: </b>14:54:43
                     </div>
                     <div>
                        <b>End time: </b>14:54:43
                     </div>
                     <div>
                        <b>Duration: </b>0 ms
                        
                     </div>
                  </div>
               </td>
            </tr>
            <tr></tr>
         </table>
         <br></br>
      </div>
      <div style="margin-top: 15px; color: gray; text-align: center; font-size: 9px;">
         Generated with
         
         <a href="http://code.google.com/p/testng-xslt/" style="color: #8888aa;"
            target="_blank">
            TestNG XSLT
            
         </a>
      </div>
   </body>
</html>