<?xml version="1.0" encoding="UTF-8"?>
<testng-results skipped="0" failed="2" total="14" passed="12">
  <reporter-output>
  </reporter-output>
  <suite name="Mobile Website PlatForm Compatibility Test" duration-ms="1914750" started-at="2014-12-24T07:47:37Z" finished-at="2014-12-24T08:19:32Z">
    <groups>
    </groups>
    <test name="All Pages Accessibility Testing" duration-ms="1130305" started-at="2014-12-24T07:47:37Z" finished-at="2014-12-24T08:06:27Z">
      <class name="com.proptiger1.CheckAllPages">
        <test-method status="PASS" signature="Chrome_iPhone()[pri:0, instance:com.proptiger1.CheckAllPages@2457256f]" name="Chrome_iPhone" duration-ms="175375" started-at="2014-12-24T13:17:37Z" finished-at="2014-12-24T13:20:32Z">
          <reporter-output>
          </reporter-output>
        </test-method> <!-- Chrome_iPhone -->
        <test-method status="PASS" signature="Chrome_AndroidTablet()[pri:0, instance:com.proptiger1.CheckAllPages@2457256f]" name="Chrome_AndroidTablet" duration-ms="176050" started-at="2014-12-24T13:20:32Z" finished-at="2014-12-24T13:23:28Z">
          <reporter-output>
          </reporter-output>
        </test-method> <!-- Chrome_AndroidTablet -->
        <test-method status="PASS" signature="Chrome_AndroidMobile()[pri:0, instance:com.proptiger1.CheckAllPages@2457256f]" name="Chrome_AndroidMobile" duration-ms="139999" started-at="2014-12-24T13:23:28Z" finished-at="2014-12-24T13:25:48Z">
          <reporter-output>
          </reporter-output>
        </test-method> <!-- Chrome_AndroidMobile -->
        <test-method status="PASS" signature="FireFox_Android()[pri:0, instance:com.proptiger1.CheckAllPages@2457256f]" name="FireFox_Android" duration-ms="178641" started-at="2014-12-24T13:25:48Z" finished-at="2014-12-24T13:28:47Z">
          <reporter-output>
          </reporter-output>
        </test-method> <!-- FireFox_Android -->
        <test-method status="PASS" signature="Safari_iOS8()[pri:0, instance:com.proptiger1.CheckAllPages@2457256f]" name="Safari_iOS8" duration-ms="173745" started-at="2014-12-24T13:28:47Z" finished-at="2014-12-24T13:31:41Z">
          <reporter-output>
          </reporter-output>
        </test-method> <!-- Safari_iOS8 -->
        <test-method status="PASS" signature="Safari_iOS7()[pri:0, instance:com.proptiger1.CheckAllPages@2457256f]" name="Safari_iOS7" duration-ms="218181" started-at="2014-12-24T13:31:41Z" finished-at="2014-12-24T13:35:19Z">
          <reporter-output>
          </reporter-output>
        </test-method> <!-- Safari_iOS7 -->
        <test-method status="FAIL" signature="IE_Nokia_Lumia920()[pri:0, instance:com.proptiger1.CheckAllPages@2457256f]" name="IE_Nokia_Lumia920" duration-ms="68294" started-at="2014-12-24T13:35:19Z" finished-at="2014-12-24T13:36:27Z">
          <exception class="org.openqa.selenium.NoSuchElementException">
            <message>
              <![CDATA[Unable to locate element: {"method":"xpath","selector":"//img[@src='http://im.proptiger.com/1/643769/6/samruddhi-group-wintergreen-elevation-555334.jpeg?width=400&height=300']"}
Command duration or timeout: 8.10 seconds
For documentation on this error, please visit: http://seleniumhq.org/exceptions/no_such_element.html
Build info: version: '2.44.0', revision: '76d78cf', time: '2014-10-23 20:03:00'
System info: host: 'vikas-Vostro-2420', ip: '127.0.1.1', os.name: 'Linux', os.arch: 'amd64', os.version: '3.8.0-29-generic', java.version: '1.7.0_51'
Session ID: 087759da-c7a9-4cee-846e-68d1de4da7ef
Driver info: org.openqa.selenium.firefox.FirefoxDriver
Capabilities [{platform=LINUX, acceptSslCerts=true, javascriptEnabled=true, cssSelectorsEnabled=true, databaseEnabled=true, browserName=firefox, handlesAlerts=true, nativeEvents=false, webStorageEnabled=true, rotatable=false, locationContextEnabled=true, applicationCacheEnabled=true, takesScreenshot=true, version=33.0}]]]>
            </message>
            <full-stacktrace>
              <![CDATA[org.openqa.selenium.NoSuchElementException: Unable to locate element: {"method":"xpath","selector":"//img[@src='http://im.proptiger.com/1/643769/6/samruddhi-group-wintergreen-elevation-555334.jpeg?width=400&height=300']"}
Command duration or timeout: 8.10 seconds
For documentation on this error, please visit: http://seleniumhq.org/exceptions/no_such_element.html
Build info: version: '2.44.0', revision: '76d78cf', time: '2014-10-23 20:03:00'
System info: host: 'vikas-Vostro-2420', ip: '127.0.1.1', os.name: 'Linux', os.arch: 'amd64', os.version: '3.8.0-29-generic', java.version: '1.7.0_51'
Session ID: 087759da-c7a9-4cee-846e-68d1de4da7ef
Driver info: org.openqa.selenium.firefox.FirefoxDriver
Capabilities [{platform=LINUX, acceptSslCerts=true, javascriptEnabled=true, cssSelectorsEnabled=true, databaseEnabled=true, browserName=firefox, handlesAlerts=true, nativeEvents=false, webStorageEnabled=true, rotatable=false, locationContextEnabled=true, applicationCacheEnabled=true, takesScreenshot=true, version=33.0}]
	at sun.reflect.NativeConstructorAccessorImpl.newInstance0(Native Method)
	at sun.reflect.NativeConstructorAccessorImpl.newInstance(NativeConstructorAccessorImpl.java:57)
	at sun.reflect.DelegatingConstructorAccessorImpl.newInstance(DelegatingConstructorAccessorImpl.java:45)
	at java.lang.reflect.Constructor.newInstance(Constructor.java:526)
	at org.openqa.selenium.remote.ErrorHandler.createThrowable(ErrorHandler.java:204)
	at org.openqa.selenium.remote.ErrorHandler.throwIfResponseFailed(ErrorHandler.java:156)
	at org.openqa.selenium.remote.RemoteWebDriver.execute(RemoteWebDriver.java:599)
	at org.openqa.selenium.remote.RemoteWebDriver.findElement(RemoteWebDriver.java:352)
	at org.openqa.selenium.remote.RemoteWebDriver.findElementByXPath(RemoteWebDriver.java:449)
	at org.openqa.selenium.By$ByXPath.findElement(By.java:357)
	at org.openqa.selenium.remote.RemoteWebDriver.findElement(RemoteWebDriver.java:344)
	at com.proptiger1.Cross_PlatForm.CrossPlatForm(Cross_PlatForm.java:79)
	at com.proptiger1.CheckAllPages.IE_Nokia_Lumia920(CheckAllPages.java:82)
	at sun.reflect.NativeMethodAccessorImpl.invoke0(Native Method)
	at sun.reflect.NativeMethodAccessorImpl.invoke(NativeMethodAccessorImpl.java:57)
	at sun.reflect.DelegatingMethodAccessorImpl.invoke(DelegatingMethodAccessorImpl.java:43)
	at java.lang.reflect.Method.invoke(Method.java:606)
	at org.testng.internal.MethodInvocationHelper.invokeMethod(MethodInvocationHelper.java:84)
	at org.testng.internal.Invoker.invokeMethod(Invoker.java:714)
	at org.testng.internal.Invoker.invokeTestMethod(Invoker.java:901)
	at org.testng.internal.Invoker.invokeTestMethods(Invoker.java:1231)
	at org.testng.internal.TestMethodWorker.invokeTestMethods(TestMethodWorker.java:127)
	at org.testng.internal.TestMethodWorker.run(TestMethodWorker.java:111)
	at org.testng.TestRunner.privateRun(TestRunner.java:767)
	at org.testng.TestRunner.run(TestRunner.java:617)
	at org.testng.SuiteRunner.runTest(SuiteRunner.java:334)
	at org.testng.SuiteRunner.runSequentially(SuiteRunner.java:329)
	at org.testng.SuiteRunner.privateRun(SuiteRunner.java:291)
	at org.testng.SuiteRunner.run(SuiteRunner.java:240)
	at org.testng.SuiteRunnerWorker.runSuite(SuiteRunnerWorker.java:52)
	at org.testng.SuiteRunnerWorker.run(SuiteRunnerWorker.java:86)
	at org.testng.TestNG.runSuitesSequentially(TestNG.java:1224)
	at org.testng.TestNG.runSuitesLocally(TestNG.java:1149)
	at org.testng.TestNG.run(TestNG.java:1057)
	at org.testng.TestNG.privateMain(TestNG.java:1364)
	at org.testng.TestNG.main(TestNG.java:1333)
Caused by: org.openqa.selenium.NoSuchElementException: Unable to locate element: {"method":"xpath","selector":"//img[@src='http://im.proptiger.com/1/643769/6/samruddhi-group-wintergreen-elevation-555334.jpeg?width=400&height=300']"}
For documentation on this error, please visit: http://seleniumhq.org/exceptions/no_such_element.html
Build info: version: '2.44.0', revision: '76d78cf', time: '2014-10-23 20:03:00'
System info: host: 'vikas-Vostro-2420', ip: '127.0.1.1', os.name: 'Linux', os.arch: 'amd64', os.version: '3.8.0-29-generic', java.version: '1.7.0_51'
Driver info: driver.version: unknown
	at <anonymous class>.FirefoxDriver.prototype.findElementInternal_(file:///tmp/anonymous5581537741430166434webdriver-profile/extensions/fxdriver@googlecode.com/components/driver-component.js:9641:26)
	at <anonymous class>.fxdriver.Timer.prototype.setTimeout/<.notify(file:///tmp/anonymous5581537741430166434webdriver-profile/extensions/fxdriver@googlecode.com/components/driver-component.js:548:5)
]]>
            </full-stacktrace>
          </exception> <!-- org.openqa.selenium.NoSuchElementException -->
          <reporter-output>
          </reporter-output>
        </test-method> <!-- IE_Nokia_Lumia920 -->
        <test-method status="PASS" signature="teardown()[pri:0, instance:com.proptiger1.CheckAllPages@2457256f]" name="teardown" is-config="true" duration-ms="0" started-at="2014-12-24T13:36:27Z" finished-at="2014-12-24T13:36:27Z">
          <reporter-output>
          </reporter-output>
        </test-method> <!-- teardown -->
      </class> <!-- com.proptiger1.CheckAllPages -->
    </test> <!-- All Pages Accessibility Testing -->
    <test name="Checkout Testing: Payment Gateway Test" duration-ms="784406" started-at="2014-12-24T08:06:27Z" finished-at="2014-12-24T08:19:32Z">
      <class name="com.proptiger1.CheckoutProcess_TestMatrix">
        <test-method status="PASS" signature="Chrome_iPhone()[pri:0, instance:com.proptiger1.CheckoutProcess_TestMatrix@f0cb191]" name="Chrome_iPhone" duration-ms="117392" started-at="2014-12-24T13:36:27Z" finished-at="2014-12-24T13:38:25Z">
          <reporter-output>
          </reporter-output>
        </test-method> <!-- Chrome_iPhone -->
        <test-method status="PASS" signature="Chrome_AndroidTablet()[pri:0, instance:com.proptiger1.CheckoutProcess_TestMatrix@f0cb191]" name="Chrome_AndroidTablet" duration-ms="78615" started-at="2014-12-24T13:38:25Z" finished-at="2014-12-24T13:39:43Z">
          <reporter-output>
          </reporter-output>
        </test-method> <!-- Chrome_AndroidTablet -->
        <test-method status="PASS" signature="Chrome_AndroidMobile()[pri:0, instance:com.proptiger1.CheckoutProcess_TestMatrix@f0cb191]" name="Chrome_AndroidMobile" duration-ms="133395" started-at="2014-12-24T13:39:43Z" finished-at="2014-12-24T13:41:57Z">
          <reporter-output>
          </reporter-output>
        </test-method> <!-- Chrome_AndroidMobile -->
        <test-method status="PASS" signature="FireFox_Android()[pri:0, instance:com.proptiger1.CheckoutProcess_TestMatrix@f0cb191]" name="FireFox_Android" duration-ms="188506" started-at="2014-12-24T13:41:57Z" finished-at="2014-12-24T13:45:05Z">
          <reporter-output>
          </reporter-output>
        </test-method> <!-- FireFox_Android -->
        <test-method status="PASS" signature="Safari_iOS8()[pri:0, instance:com.proptiger1.CheckoutProcess_TestMatrix@f0cb191]" name="Safari_iOS8" duration-ms="71995" started-at="2014-12-24T13:45:05Z" finished-at="2014-12-24T13:46:17Z">
          <reporter-output>
          </reporter-output>
        </test-method> <!-- Safari_iOS8 -->
        <test-method status="FAIL" signature="Safari_iOS7()[pri:0, instance:com.proptiger1.CheckoutProcess_TestMatrix@f0cb191]" name="Safari_iOS7" duration-ms="101730" started-at="2014-12-24T13:46:17Z" finished-at="2014-12-24T13:47:59Z">
          <exception class="org.openqa.selenium.NoSuchElementException">
            <message>
              <![CDATA[Unable to locate element: {"method":"xpath","selector":"//div[@class='city-name-info bangalore-info']"}
Command duration or timeout: 5.04 seconds
For documentation on this error, please visit: http://seleniumhq.org/exceptions/no_such_element.html
Build info: version: '2.44.0', revision: '76d78cf', time: '2014-10-23 20:03:00'
System info: host: 'vikas-Vostro-2420', ip: '127.0.1.1', os.name: 'Linux', os.arch: 'amd64', os.version: '3.8.0-29-generic', java.version: '1.7.0_51'
Session ID: a81218d3-26c5-4d69-bd6e-704e6c74ac50
Driver info: org.openqa.selenium.firefox.FirefoxDriver
Capabilities [{platform=LINUX, acceptSslCerts=true, javascriptEnabled=true, cssSelectorsEnabled=true, databaseEnabled=true, browserName=firefox, handlesAlerts=true, nativeEvents=false, webStorageEnabled=true, rotatable=false, locationContextEnabled=true, applicationCacheEnabled=true, takesScreenshot=true, version=33.0}]]]>
            </message>
            <full-stacktrace>
              <![CDATA[org.openqa.selenium.NoSuchElementException: Unable to locate element: {"method":"xpath","selector":"//div[@class='city-name-info bangalore-info']"}
Command duration or timeout: 5.04 seconds
For documentation on this error, please visit: http://seleniumhq.org/exceptions/no_such_element.html
Build info: version: '2.44.0', revision: '76d78cf', time: '2014-10-23 20:03:00'
System info: host: 'vikas-Vostro-2420', ip: '127.0.1.1', os.name: 'Linux', os.arch: 'amd64', os.version: '3.8.0-29-generic', java.version: '1.7.0_51'
Session ID: a81218d3-26c5-4d69-bd6e-704e6c74ac50
Driver info: org.openqa.selenium.firefox.FirefoxDriver
Capabilities [{platform=LINUX, acceptSslCerts=true, javascriptEnabled=true, cssSelectorsEnabled=true, databaseEnabled=true, browserName=firefox, handlesAlerts=true, nativeEvents=false, webStorageEnabled=true, rotatable=false, locationContextEnabled=true, applicationCacheEnabled=true, takesScreenshot=true, version=33.0}]
	at sun.reflect.NativeConstructorAccessorImpl.newInstance0(Native Method)
	at sun.reflect.NativeConstructorAccessorImpl.newInstance(NativeConstructorAccessorImpl.java:57)
	at sun.reflect.DelegatingConstructorAccessorImpl.newInstance(DelegatingConstructorAccessorImpl.java:45)
	at java.lang.reflect.Constructor.newInstance(Constructor.java:526)
	at org.openqa.selenium.remote.ErrorHandler.createThrowable(ErrorHandler.java:204)
	at org.openqa.selenium.remote.ErrorHandler.throwIfResponseFailed(ErrorHandler.java:156)
	at org.openqa.selenium.remote.RemoteWebDriver.execute(RemoteWebDriver.java:599)
	at org.openqa.selenium.remote.RemoteWebDriver.findElement(RemoteWebDriver.java:352)
	at org.openqa.selenium.remote.RemoteWebDriver.findElementByXPath(RemoteWebDriver.java:449)
	at org.openqa.selenium.By$ByXPath.findElement(By.java:357)
	at org.openqa.selenium.remote.RemoteWebDriver.findElement(RemoteWebDriver.java:344)
	at com.proptiger1.PaymentGatewayTest.Pg_Test(PaymentGatewayTest.java:37)
	at com.proptiger1.CheckoutProcess_TestMatrix.Safari_iOS7(CheckoutProcess_TestMatrix.java:79)
	at sun.reflect.NativeMethodAccessorImpl.invoke0(Native Method)
	at sun.reflect.NativeMethodAccessorImpl.invoke(NativeMethodAccessorImpl.java:57)
	at sun.reflect.DelegatingMethodAccessorImpl.invoke(DelegatingMethodAccessorImpl.java:43)
	at java.lang.reflect.Method.invoke(Method.java:606)
	at org.testng.internal.MethodInvocationHelper.invokeMethod(MethodInvocationHelper.java:84)
	at org.testng.internal.Invoker.invokeMethod(Invoker.java:714)
	at org.testng.internal.Invoker.invokeTestMethod(Invoker.java:901)
	at org.testng.internal.Invoker.invokeTestMethods(Invoker.java:1231)
	at org.testng.internal.TestMethodWorker.invokeTestMethods(TestMethodWorker.java:127)
	at org.testng.internal.TestMethodWorker.run(TestMethodWorker.java:111)
	at org.testng.TestRunner.privateRun(TestRunner.java:767)
	at org.testng.TestRunner.run(TestRunner.java:617)
	at org.testng.SuiteRunner.runTest(SuiteRunner.java:334)
	at org.testng.SuiteRunner.runSequentially(SuiteRunner.java:329)
	at org.testng.SuiteRunner.privateRun(SuiteRunner.java:291)
	at org.testng.SuiteRunner.run(SuiteRunner.java:240)
	at org.testng.SuiteRunnerWorker.runSuite(SuiteRunnerWorker.java:52)
	at org.testng.SuiteRunnerWorker.run(SuiteRunnerWorker.java:86)
	at org.testng.TestNG.runSuitesSequentially(TestNG.java:1224)
	at org.testng.TestNG.runSuitesLocally(TestNG.java:1149)
	at org.testng.TestNG.run(TestNG.java:1057)
	at org.testng.TestNG.privateMain(TestNG.java:1364)
	at org.testng.TestNG.main(TestNG.java:1333)
Caused by: org.openqa.selenium.NoSuchElementException: Unable to locate element: {"method":"xpath","selector":"//div[@class='city-name-info bangalore-info']"}
For documentation on this error, please visit: http://seleniumhq.org/exceptions/no_such_element.html
Build info: version: '2.44.0', revision: '76d78cf', time: '2014-10-23 20:03:00'
System info: host: 'vikas-Vostro-2420', ip: '127.0.1.1', os.name: 'Linux', os.arch: 'amd64', os.version: '3.8.0-29-generic', java.version: '1.7.0_51'
Driver info: driver.version: unknown
	at <anonymous class>.FirefoxDriver.prototype.findElementInternal_(file:///tmp/anonymous5404914069835086164webdriver-profile/extensions/fxdriver@googlecode.com/components/driver-component.js:9641:26)
	at <anonymous class>.fxdriver.Timer.prototype.setTimeout/<.notify(file:///tmp/anonymous5404914069835086164webdriver-profile/extensions/fxdriver@googlecode.com/components/driver-component.js:548:5)
]]>
            </full-stacktrace>
          </exception> <!-- org.openqa.selenium.NoSuchElementException -->
          <reporter-output>
          </reporter-output>
        </test-method> <!-- Safari_iOS7 -->
        <test-method status="PASS" signature="IE_Nokia_Lumia920()[pri:0, instance:com.proptiger1.CheckoutProcess_TestMatrix@f0cb191]" name="IE_Nokia_Lumia920" duration-ms="92768" started-at="2014-12-24T13:47:59Z" finished-at="2014-12-24T13:49:32Z">
          <reporter-output>
          </reporter-output>
        </test-method> <!-- IE_Nokia_Lumia920 -->
        <test-method status="PASS" signature="teardown()[pri:0, instance:com.proptiger1.CheckoutProcess_TestMatrix@f0cb191]" name="teardown" is-config="true" duration-ms="0" started-at="2014-12-24T13:49:32Z" finished-at="2014-12-24T13:49:32Z">
          <reporter-output>
          </reporter-output>
        </test-method> <!-- teardown -->
      </class> <!-- com.proptiger1.CheckoutProcess_TestMatrix -->
    </test> <!-- Checkout Testing: Payment Gateway Test -->
  </suite> <!-- Mobile Website PlatForm Compatibility Test -->
</testng-results>
