<?xml version="1.0" encoding="UTF-8"?>
<!-- Generated by org.testng.reporters.JUnitXMLReporter -->
<testsuite hostname="vikas-Vostro-2420" name="All Pages Accessibility Testing" tests="9" failures="1" timestamp="26 Dec 2014 21:23:32 GMT" time="1395.179" errors="0">
  <testcase name="Chrome_AndroidMobile__AllPageTest" time="172.526" classname="com.proptiger1.CheckAllPages"/>
  <testcase name="OperaMini_iPhone__AllPageTest" time="170.78" classname="com.proptiger1.CheckAllPages"/>
  <testcase name="IE_Nokia_Lumia920__AllPageTest" time="159.195" classname="com.proptiger1.CheckAllPages"/>
  <testcase name="OperaMini_Android__AllPageTest" time="176.723" classname="com.proptiger1.CheckAllPages"/>
  <testcase name="Safari_iOS7__AllPageTest" time="22.464" classname="com.proptiger1.CheckAllPages">
    <failure type="org.openqa.selenium.NoSuchElementException" message="Unable to locate element: {&amp;quot;method&amp;quot;:&amp;quot;xpath&amp;quot;,&amp;quot;selector&amp;quot;:&amp;quot;//div[@class=&amp;apos;interstial-container&amp;apos;]//div[@class=&amp;apos;closeoption&amp;apos;]&amp;quot;}
Command duration or timeout: 18 milliseconds
For documentation on this error, please visit: http://seleniumhq.org/exceptions/no_such_element.html
Build info: version: &amp;apos;2.44.0&amp;apos;, revision: &amp;apos;76d78cf&amp;apos;, time: &amp;apos;2014-10-23 20:03:00&amp;apos;
System info: host: &amp;apos;vikas-Vostro-2420&amp;apos;, ip: &amp;apos;127.0.1.1&amp;apos;, os.name: &amp;apos;Linux&amp;apos;, os.arch: &amp;apos;amd64&amp;apos;, os.version: &amp;apos;3.8.0-29-generic&amp;apos;, java.version: &amp;apos;1.7.0_51&amp;apos;
Session ID: 57282415-f48c-45ac-b520-c353e28fb555
Driver info: org.openqa.selenium.firefox.FirefoxDriver
Capabilities [{platform=LINUX, acceptSslCerts=true, javascriptEnabled=true, cssSelectorsEnabled=true, databaseEnabled=true, browserName=firefox, handlesAlerts=true, nativeEvents=false, webStorageEnabled=true, rotatable=false, locationContextEnabled=true, applicationCacheEnabled=true, takesScreenshot=true, version=33.0}]">
      <![CDATA[org.openqa.selenium.NoSuchElementException: Unable to locate element: {"method":"xpath","selector":"//div[@class='interstial-container']//div[@class='closeoption']"}
Command duration or timeout: 18 milliseconds
For documentation on this error, please visit: http://seleniumhq.org/exceptions/no_such_element.html
Build info: version: '2.44.0', revision: '76d78cf', time: '2014-10-23 20:03:00'
System info: host: 'vikas-Vostro-2420', ip: '127.0.1.1', os.name: 'Linux', os.arch: 'amd64', os.version: '3.8.0-29-generic', java.version: '1.7.0_51'
Session ID: 57282415-f48c-45ac-b520-c353e28fb555
Driver info: org.openqa.selenium.firefox.FirefoxDriver
Capabilities [{platform=LINUX, acceptSslCerts=true, javascriptEnabled=true, cssSelectorsEnabled=true, databaseEnabled=true, browserName=firefox, handlesAlerts=true, nativeEvents=false, webStorageEnabled=true, rotatable=false, locationContextEnabled=true, applicationCacheEnabled=true, takesScreenshot=true, version=33.0}]
	at org.openqa.selenium.remote.ErrorHandler.createThrowable(ErrorHandler.java:204)
	at org.openqa.selenium.remote.ErrorHandler.throwIfResponseFailed(ErrorHandler.java:156)
	at org.openqa.selenium.remote.RemoteWebDriver.execute(RemoteWebDriver.java:599)
	at org.openqa.selenium.remote.RemoteWebDriver.findElement(RemoteWebDriver.java:352)
	at org.openqa.selenium.remote.RemoteWebDriver.findElementByXPath(RemoteWebDriver.java:449)
	at org.openqa.selenium.By$ByXPath.findElement(By.java:357)
	at org.openqa.selenium.remote.RemoteWebDriver.findElement(RemoteWebDriver.java:344)
	at com.proptiger1.Cross_PlatForm.interstitial(Cross_PlatForm.java:257)
	at com.proptiger1.Cross_PlatForm.AllPages(Cross_PlatForm.java:20)
	at com.proptiger1.CheckAllPages.Safari_iOS7__AllPageTest(CheckAllPages.java:98)
Caused by: org.openqa.selenium.NoSuchElementException: Unable to locate element: {"method":"xpath","selector":"//div[@class='interstial-container']//div[@class='closeoption']"}
For documentation on this error, please visit: http://seleniumhq.org/exceptions/no_such_element.html
Build info: version: '2.44.0', revision: '76d78cf', time: '2014-10-23 20:03:00'
System info: host: 'vikas-Vostro-2420', ip: '127.0.1.1', os.name: 'Linux', os.arch: 'amd64', os.version: '3.8.0-29-generic', java.version: '1.7.0_51'
Driver info: driver.version: unknown
	at <anonymous class>.FirefoxDriver.prototype.findElementInternal_(file:///tmp/anonymous5101566273322842481webdriver-profile/extensions/fxdriver@googlecode.com/components/driver-component.js:9641:26)
	at <anonymous class>.FirefoxDriver.prototype.findElement(file:///tmp/anonymous5101566273322842481webdriver-profile/extensions/fxdriver@googlecode.com/components/driver-component.js:9650:3)
	at <anonymous class>.DelayedCommand.prototype.executeInternal_/h(file:///tmp/anonymous5101566273322842481webdriver-profile/extensions/fxdriver@googlecode.com/components/command-processor.js:11635:16)
	at <anonymous class>.DelayedCommand.prototype.executeInternal_(file:///tmp/anonymous5101566273322842481webdriver-profile/extensions/fxdriver@googlecode.com/components/command-processor.js:11640:7)
	at <anonymous class>.DelayedCommand.prototype.execute/<(file:///tmp/anonymous5101566273322842481webdriver-profile/extensions/fxdriver@googlecode.com/components/command-processor.js:11582:5)
... Removed 27 stack frames]]>
    </failure>
  </testcase> <!-- Safari_iOS7__AllPageTest -->
  <testcase name="Safari_iOS8__AllPageTest" time="173.653" classname="com.proptiger1.CheckAllPages"/>
  <testcase name="FireFox_Android_AllPageTest" time="174.03" classname="com.proptiger1.CheckAllPages"/>
  <testcase name="Chrome_AndroidTablet_AllPageTest" time="174.06" classname="com.proptiger1.CheckAllPages"/>
  <testcase name="Chrome_iPhone_AllPageTest" time="171.723" classname="com.proptiger1.CheckAllPages"/>
</testsuite> <!-- All Pages Accessibility Testing -->
