<?xml version="1.0" encoding="UTF-8"?>
<!-- Generated by org.testng.reporters.JUnitXMLReporter -->
<testsuite hostname="vikas-Vostro-2420" name="Checkout Testing: Payment Gateway Test" tests="7" failures="1" timestamp="24 Dec 2014 08:19:32 GMT" time="784.406" errors="0">
  <testcase name="Chrome_iPhone" time="117.392" classname="com.proptiger1.CheckoutProcess_TestMatrix"/>
  <testcase name="Chrome_AndroidTablet" time="78.615" classname="com.proptiger1.CheckoutProcess_TestMatrix"/>
  <testcase name="Chrome_AndroidMobile" time="133.395" classname="com.proptiger1.CheckoutProcess_TestMatrix"/>
  <testcase name="FireFox_Android" time="188.506" classname="com.proptiger1.CheckoutProcess_TestMatrix"/>
  <testcase name="Safari_iOS8" time="71.995" classname="com.proptiger1.CheckoutProcess_TestMatrix"/>
  <testcase name="Safari_iOS7" time="101.73" classname="com.proptiger1.CheckoutProcess_TestMatrix">
    <failure type="org.openqa.selenium.NoSuchElementException" message="Unable to locate element: {&amp;quot;method&amp;quot;:&amp;quot;xpath&amp;quot;,&amp;quot;selector&amp;quot;:&amp;quot;//div[@class=&amp;apos;city-name-info bangalore-info&amp;apos;]&amp;quot;}
Command duration or timeout: 5.04 seconds
For documentation on this error, please visit: http://seleniumhq.org/exceptions/no_such_element.html
Build info: version: &amp;apos;2.44.0&amp;apos;, revision: &amp;apos;76d78cf&amp;apos;, time: &amp;apos;2014-10-23 20:03:00&amp;apos;
System info: host: &amp;apos;vikas-Vostro-2420&amp;apos;, ip: &amp;apos;127.0.1.1&amp;apos;, os.name: &amp;apos;Linux&amp;apos;, os.arch: &amp;apos;amd64&amp;apos;, os.version: &amp;apos;3.8.0-29-generic&amp;apos;, java.version: &amp;apos;1.7.0_51&amp;apos;
Session ID: a81218d3-26c5-4d69-bd6e-704e6c74ac50
Driver info: org.openqa.selenium.firefox.FirefoxDriver
Capabilities [{platform=LINUX, acceptSslCerts=true, javascriptEnabled=true, cssSelectorsEnabled=true, databaseEnabled=true, browserName=firefox, handlesAlerts=true, nativeEvents=false, webStorageEnabled=true, rotatable=false, locationContextEnabled=true, applicationCacheEnabled=true, takesScreenshot=true, version=33.0}]">
      <![CDATA[org.openqa.selenium.NoSuchElementException: Unable to locate element: {"method":"xpath","selector":"//div[@class='city-name-info bangalore-info']"}
Command duration or timeout: 5.04 seconds
For documentation on this error, please visit: http://seleniumhq.org/exceptions/no_such_element.html
Build info: version: '2.44.0', revision: '76d78cf', time: '2014-10-23 20:03:00'
System info: host: 'vikas-Vostro-2420', ip: '127.0.1.1', os.name: 'Linux', os.arch: 'amd64', os.version: '3.8.0-29-generic', java.version: '1.7.0_51'
Session ID: a81218d3-26c5-4d69-bd6e-704e6c74ac50
Driver info: org.openqa.selenium.firefox.FirefoxDriver
Capabilities [{platform=LINUX, acceptSslCerts=true, javascriptEnabled=true, cssSelectorsEnabled=true, databaseEnabled=true, browserName=firefox, handlesAlerts=true, nativeEvents=false, webStorageEnabled=true, rotatable=false, locationContextEnabled=true, applicationCacheEnabled=true, takesScreenshot=true, version=33.0}]
	at org.openqa.selenium.remote.ErrorHandler.createThrowable(ErrorHandler.java:204)
	at org.openqa.selenium.remote.ErrorHandler.throwIfResponseFailed(ErrorHandler.java:156)
	at org.openqa.selenium.remote.RemoteWebDriver.execute(RemoteWebDriver.java:599)
	at org.openqa.selenium.remote.RemoteWebDriver.findElement(RemoteWebDriver.java:352)
	at org.openqa.selenium.remote.RemoteWebDriver.findElementByXPath(RemoteWebDriver.java:449)
	at org.openqa.selenium.By$ByXPath.findElement(By.java:357)
	at org.openqa.selenium.remote.RemoteWebDriver.findElement(RemoteWebDriver.java:344)
	at com.proptiger1.PaymentGatewayTest.Pg_Test(PaymentGatewayTest.java:37)
	at com.proptiger1.CheckoutProcess_TestMatrix.Safari_iOS7(CheckoutProcess_TestMatrix.java:79)
Caused by: org.openqa.selenium.NoSuchElementException: Unable to locate element: {"method":"xpath","selector":"//div[@class='city-name-info bangalore-info']"}
For documentation on this error, please visit: http://seleniumhq.org/exceptions/no_such_element.html
Build info: version: '2.44.0', revision: '76d78cf', time: '2014-10-23 20:03:00'
System info: host: 'vikas-Vostro-2420', ip: '127.0.1.1', os.name: 'Linux', os.arch: 'amd64', os.version: '3.8.0-29-generic', java.version: '1.7.0_51'
Driver info: driver.version: unknown
	at <anonymous class>.FirefoxDriver.prototype.findElementInternal_(file:///tmp/anonymous5404914069835086164webdriver-profile/extensions/fxdriver@googlecode.com/components/driver-component.js:9641:26)
	at <anonymous class>.fxdriver.Timer.prototype.setTimeout/<.notify(file:///tmp/anonymous5404914069835086164webdriver-profile/extensions/fxdriver@googlecode.com/components/driver-component.js:548:5)
... Removed 27 stack frames]]>
    </failure>
  </testcase> <!-- Safari_iOS7 -->
  <testcase name="IE_Nokia_Lumia920" time="92.768" classname="com.proptiger1.CheckoutProcess_TestMatrix"/>
</testsuite> <!-- Checkout Testing: Payment Gateway Test -->
