<?xml version="1.0" encoding="UTF-8"?>
<!-- Generated by org.testng.reporters.JUnitReportReporter -->
<testsuite hostname="iMac.local" name="com.proptiger1.MobileTestBed" tests="10" failures="0" timestamp="1 Apr 2015 16:30:00 GMT" time="2896.825" errors="1">
  <testcase name="Safari_iOS8__AllPageTest" time="349.724" classname="com.proptiger1.MobileTestBed"/>
  <testcase name="Safari_iOS7__AllPageTest" time="332.326" classname="com.proptiger1.MobileTestBed"/>
  <testcase name="UrlCheck" time="335.696" classname="com.proptiger1.MobileTestBed">
    <error type="java.lang.AssertionError" message="Some URLS are not OK. Please check report for status.">
      <![CDATA[java.lang.AssertionError: Some URLS are not OK. Please check report for status.
	at org.testng.Assert.fail(Assert.java:94)
	at com.proptiger1.Cross_PlatForm.CheckUrls(Cross_PlatForm.java:448)
	at com.proptiger1.MobileTestBed.UrlCheck(MobileTestBed.java:161)
	at sun.reflect.NativeMethodAccessorImpl.invoke0(Native Method)
	at sun.reflect.NativeMethodAccessorImpl.invoke(NativeMethodAccessorImpl.java:57)
	at sun.reflect.DelegatingMethodAccessorImpl.invoke(DelegatingMethodAccessorImpl.java:43)
	at java.lang.reflect.Method.invoke(Method.java:606)
	at org.testng.internal.MethodInvocationHelper.invokeMethod(MethodInvocationHelper.java:84)
	at org.testng.internal.Invoker.invokeMethod(Invoker.java:714)
	at org.testng.internal.Invoker.invokeTestMethod(Invoker.java:901)
	at org.testng.internal.Invoker.invokeTestMethods(Invoker.java:1231)
	at org.testng.internal.TestMethodWorker.invokeTestMethods(TestMethodWorker.java:127)
	at org.testng.internal.TestMethodWorker.run(TestMethodWorker.java:111)
	at org.testng.TestRunner.privateRun(TestRunner.java:767)
	at org.testng.TestRunner.run(TestRunner.java:617)
	at org.testng.SuiteRunner.runTest(SuiteRunner.java:334)
	at org.testng.SuiteRunner.runSequentially(SuiteRunner.java:329)
	at org.testng.SuiteRunner.privateRun(SuiteRunner.java:291)
	at org.testng.SuiteRunner.run(SuiteRunner.java:240)
	at org.testng.SuiteRunnerWorker.runSuite(SuiteRunnerWorker.java:52)
	at org.testng.SuiteRunnerWorker.run(SuiteRunnerWorker.java:86)
	at org.testng.TestNG.runSuitesSequentially(TestNG.java:1224)
	at org.testng.TestNG.runSuitesLocally(TestNG.java:1149)
	at org.testng.TestNG.run(TestNG.java:1057)
	at org.testng.remote.RemoteTestNG.run(RemoteTestNG.java:111)
	at org.testng.remote.RemoteTestNG.initAndRun(RemoteTestNG.java:204)
	at org.testng.remote.RemoteTestNG.main(RemoteTestNG.java:175)
]]>
    </error>
  </testcase> <!-- UrlCheck -->
  <testcase name="Chrome_AndroidTablet_AllPageTest" time="432.964" classname="com.proptiger1.MobileTestBed"/>
  <testcase name="Chrome_AndroidMobile__AllPageTest" time="132.327" classname="com.proptiger1.MobileTestBed"/>
  <testcase name="FireFox_Android_AllPageTest" time="336.843" classname="com.proptiger1.MobileTestBed"/>
  <testcase name="OperaMini_Android__AllPageTest" time="345.772" classname="com.proptiger1.MobileTestBed"/>
  <testcase name="OperaMini_iPhone__AllPageTest" time="227.225" classname="com.proptiger1.MobileTestBed"/>
  <testcase name="Chrome_iPhone_AllPageTest" time="237.987" classname="com.proptiger1.MobileTestBed"/>
  <testcase name="IE_Nokia_Lumia920__AllPageTest" time="165.961" classname="com.proptiger1.MobileTestBed"/>
</testsuite> <!-- com.proptiger1.MobileTestBed -->
