<?xml version="1.0" encoding="UTF-8"?>
<!-- Generated by org.testng.reporters.JUnitXMLReporter -->
<testsuite hostname="proptigers-MacBook-Pro.local" name="All Page Accessibility Testing Across Devices and Browsers " tests="10" failures="5" timestamp="18 Jul 2015 07:50:06 GMT" time="1005.679" errors="0">
  <testcase name="UrlCheck" time="457.469" classname="com.proptiger1.MobileTestBed"/>
  <testcase name="OperaMini_Android__AllPageTest" time="70.839" classname="com.proptiger1.MobileTestBed"/>
  <testcase name="OperaMini_iPhone__AllPageTest" time="40.974" classname="com.proptiger1.MobileTestBed">
    <failure type="java.lang.AssertionError" message="Image not found on project page:false">
      <![CDATA[java.lang.AssertionError: Image not found on project page:false
	at com.proptiger1.Cross_PlatForm.AllPages(Cross_PlatForm.java:141)
	at com.proptiger1.MobileTestBed.OperaMini_iPhone__AllPageTest(MobileTestBed.java:136)
... Removed 24 stack frames]]>
    </failure>
  </testcase> <!-- OperaMini_iPhone__AllPageTest -->
  <testcase name="IE_Nokia_Lumia920__AllPageTest" time="34.403" classname="com.proptiger1.MobileTestBed">
    <failure type="java.lang.AssertionError" message="Image not found on project page:false">
      <![CDATA[java.lang.AssertionError: Image not found on project page:false
	at com.proptiger1.Cross_PlatForm.AllPages(Cross_PlatForm.java:141)
	at com.proptiger1.MobileTestBed.IE_Nokia_Lumia920__AllPageTest(MobileTestBed.java:122)
... Removed 24 stack frames]]>
    </failure>
  </testcase> <!-- IE_Nokia_Lumia920__AllPageTest -->
  <testcase name="Safari_iOS7__AllPageTest" time="35.313" classname="com.proptiger1.MobileTestBed">
    <failure type="java.lang.AssertionError" message="Image not found on project page:false">
      <![CDATA[java.lang.AssertionError: Image not found on project page:false
	at com.proptiger1.Cross_PlatForm.AllPages(Cross_PlatForm.java:141)
	at com.proptiger1.MobileTestBed.Safari_iOS7__AllPageTest(MobileTestBed.java:108)
... Removed 24 stack frames]]>
    </failure>
  </testcase> <!-- Safari_iOS7__AllPageTest -->
  <testcase name="Safari_iOS8__AllPageTest" time="40.163" classname="com.proptiger1.MobileTestBed">
    <failure type="java.lang.AssertionError" message="Image not found on project page:false">
      <![CDATA[java.lang.AssertionError: Image not found on project page:false
	at com.proptiger1.Cross_PlatForm.AllPages(Cross_PlatForm.java:141)
	at com.proptiger1.MobileTestBed.Safari_iOS8__AllPageTest(MobileTestBed.java:93)
... Removed 24 stack frames]]>
    </failure>
  </testcase> <!-- Safari_iOS8__AllPageTest -->
  <testcase name="FireFox_Android_AllPageTest" time="89.865" classname="com.proptiger1.MobileTestBed"/>
  <testcase name="Chrome_AndroidMobile__AllPageTest" time="87.28" classname="com.proptiger1.MobileTestBed">
    <failure type="org.openqa.selenium.TimeoutException" message="Timed out after 60 seconds waiting for presence of element located by: By.xpath: //h3[contains(text(),&amp;apos;Explore more&amp;apos;)]
Build info: version: &amp;apos;2.46.0&amp;apos;, revision: &amp;apos;87c69e2&amp;apos;, time: &amp;apos;2015-06-04 16:17:10&amp;apos;
System info: host: &amp;apos;proptigers-MacBook-Pro.local&amp;apos;, ip: &amp;apos;192.168.1.234&amp;apos;, os.name: &amp;apos;Mac OS X&amp;apos;, os.arch: &amp;apos;x86_64&amp;apos;, os.version: &amp;apos;10.10.1&amp;apos;, java.version: &amp;apos;1.8.0_45&amp;apos;
Driver info: org.openqa.selenium.firefox.FirefoxDriver
Capabilities [{applicationCacheEnabled=true, rotatable=false, handlesAlerts=true, databaseEnabled=true, version=39.0, platform=MAC, nativeEvents=false, acceptSslCerts=true, webStorageEnabled=true, locationContextEnabled=true, browserName=firefox, takesScreenshot=true, javascriptEnabled=true, cssSelectorsEnabled=true}]
Session ID: db11e283-1f67-de42-800e-486080ffbf18">
      <![CDATA[org.openqa.selenium.TimeoutException: Timed out after 60 seconds waiting for presence of element located by: By.xpath: //h3[contains(text(),'Explore more')]
Build info: version: '2.46.0', revision: '87c69e2', time: '2015-06-04 16:17:10'
System info: host: 'proptigers-MacBook-Pro.local', ip: '192.168.1.234', os.name: 'Mac OS X', os.arch: 'x86_64', os.version: '10.10.1', java.version: '1.8.0_45'
Driver info: org.openqa.selenium.firefox.FirefoxDriver
Capabilities [{applicationCacheEnabled=true, rotatable=false, handlesAlerts=true, databaseEnabled=true, version=39.0, platform=MAC, nativeEvents=false, acceptSslCerts=true, webStorageEnabled=true, locationContextEnabled=true, browserName=firefox, takesScreenshot=true, javascriptEnabled=true, cssSelectorsEnabled=true}]
Session ID: db11e283-1f67-de42-800e-486080ffbf18
	at org.openqa.selenium.support.ui.WebDriverWait.timeoutException(WebDriverWait.java:80)
	at org.openqa.selenium.support.ui.FluentWait.until(FluentWait.java:229)
	at com.proptiger1.TimeStamp.wait(TimeStamp.java:21)
	at com.proptiger1.Cross_PlatForm.Check404Page(Cross_PlatForm.java:465)
	at com.proptiger1.MobileTestBed.Chrome_AndroidMobile__AllPageTest(MobileTestBed.java:66)
Caused by: org.openqa.selenium.NoSuchElementException: Unable to locate element: {"method":"xpath","selector":"//h3[contains(text(),'Explore more')]"}
Command duration or timeout: 15 milliseconds
For documentation on this error, please visit: http://seleniumhq.org/exceptions/no_such_element.html
Build info: version: '2.46.0', revision: '87c69e2', time: '2015-06-04 16:17:10'
System info: host: 'proptigers-MacBook-Pro.local', ip: '192.168.1.234', os.name: 'Mac OS X', os.arch: 'x86_64', os.version: '10.10.1', java.version: '1.8.0_45'
Driver info: org.openqa.selenium.firefox.FirefoxDriver
Capabilities [{applicationCacheEnabled=true, rotatable=false, handlesAlerts=true, databaseEnabled=true, version=39.0, platform=MAC, nativeEvents=false, acceptSslCerts=true, webStorageEnabled=true, locationContextEnabled=true, browserName=firefox, takesScreenshot=true, javascriptEnabled=true, cssSelectorsEnabled=true}]
Session ID: db11e283-1f67-de42-800e-486080ffbf18
*** Element info: {Using=xpath, value=//h3[contains(text(),'Explore more')]}
	at org.openqa.selenium.remote.ErrorHandler.createThrowable(ErrorHandler.java:204)
	at org.openqa.selenium.remote.ErrorHandler.throwIfResponseFailed(ErrorHandler.java:156)
	at org.openqa.selenium.remote.RemoteWebDriver.execute(RemoteWebDriver.java:605)
	at org.openqa.selenium.remote.RemoteWebDriver.findElement(RemoteWebDriver.java:358)
	at org.openqa.selenium.remote.RemoteWebDriver.findElementByXPath(RemoteWebDriver.java:455)
	at org.openqa.selenium.By$ByXPath.findElement(By.java:358)
	at org.openqa.selenium.remote.RemoteWebDriver.findElement(RemoteWebDriver.java:350)
	at org.openqa.selenium.support.ui.ExpectedConditions.findElement(ExpectedConditions.java:809)
	at org.openqa.selenium.support.ui.ExpectedConditions.access$0(ExpectedConditions.java:807)
	at org.openqa.selenium.support.ui.ExpectedConditions$6.apply(ExpectedConditions.java:181)
	at org.openqa.selenium.support.ui.ExpectedConditions$6.apply(ExpectedConditions.java:1)
	at org.openqa.selenium.support.ui.FluentWait.until(FluentWait.java:209)
	... 26 more
Caused by: org.openqa.selenium.NoSuchElementException: Unable to locate element: {"method":"xpath","selector":"//h3[contains(text(),'Explore more')]"}
For documentation on this error, please visit: http://seleniumhq.org/exceptions/no_such_element.html
Build info: version: '2.46.0', revision: '87c69e2', time: '2015-06-04 16:17:10'
System info: host: 'proptigers-MacBook-Pro.local', ip: '192.168.1.234', os.name: 'Mac OS X', os.arch: 'x86_64', os.version: '10.10.1', java.version: '1.8.0_45'
Driver info: driver.version: unknown
	at <anonymous class>.FirefoxDriver.prototype.findElementInternal_(file:///var/folders/3x/jqccbmc55z19kppxb0_z11y00000gp/T/anonymous9023444106832378024webdriver-profile/extensions/fxdriver@googlecode.com/components/driver-component.js:10299)
	at <anonymous class>.FirefoxDriver.prototype.findElement(file:///var/folders/3x/jqccbmc55z19kppxb0_z11y00000gp/T/anonymous9023444106832378024webdriver-profile/extensions/fxdriver@googlecode.com/components/driver-component.js:10308)
	at <anonymous class>.DelayedCommand.prototype.executeInternal_/h(file:///var/folders/3x/jqccbmc55z19kppxb0_z11y00000gp/T/anonymous9023444106832378024webdriver-profile/extensions/fxdriver@googlecode.com/components/command-processor.js:12282)
	at <anonymous class>.DelayedCommand.prototype.executeInternal_(file:///var/folders/3x/jqccbmc55z19kppxb0_z11y00000gp/T/anonymous9023444106832378024webdriver-profile/extensions/fxdriver@googlecode.com/components/command-processor.js:12287)
	at <anonymous class>.DelayedCommand.prototype.execute/<(file:///var/folders/3x/jqccbmc55z19kppxb0_z11y00000gp/T/anonymous9023444106832378024webdriver-profile/extensions/fxdriver@googlecode.com/components/command-processor.js:12229)
... Removed 26 stack frames]]>
    </failure>
  </testcase> <!-- Chrome_AndroidMobile__AllPageTest -->
  <testcase name="Chrome_AndroidTablet_AllPageTest" time="89.298" classname="com.proptiger1.MobileTestBed"/>
  <testcase name="Chrome_iPhone_AllPageTest" time="60.065" classname="com.proptiger1.MobileTestBed"/>
</testsuite> <!-- All Page Accessibility Testing Across Devices and Browsers  -->
